;  LST file generated by mikroListExporter - v.2.0 
; Date/Time: 12/7/2022 8:59:33 PM
;----------------------------------------------

;Address Opcode 	ASM
0x0000	0xF001EFE0  	GOTO        960
0x0004	0x0000      	NOP
0x0006	0x0000      	NOP
0x0008	0xF000EF00  	GOTO        0
0x000C	0x0000      	NOP
0x000E	0x0000      	NOP
0x0010	0x0000      	NOP
0x0012	0x0000      	NOP
0x0014	0x0000      	NOP
0x0016	0x0000      	NOP
0x0018	0xD7F3      	BRA         0
_Delay_5500us:
;__Lib_Delays.c,31 :: 		void Delay_5500us() {
;__Lib_Delays.c,32 :: 		Delay_us(5500);
0x001C	0x0E0F      	MOVLW       15
0x001E	0x6E0C      	MOVWF       R12, 0
0x0020	0x0E47      	MOVLW       71
0x0022	0x6E0D      	MOVWF       R13, 0
L_Delay_5500us5:
0x0024	0x2E0D      	DECFSZ      R13, 1, 0
0x0026	0xD7FE      	BRA         L_Delay_5500us5
0x0028	0x2E0C      	DECFSZ      R12, 1, 0
0x002A	0xD7FC      	BRA         L_Delay_5500us5
0x002C	0x0000      	NOP
0x002E	0x0000      	NOP
;__Lib_Delays.c,33 :: 		}
L_end_Delay_5500us:
0x0030	0x0012      	RETURN      0
; end of _Delay_5500us
_Delay_50us:
;__Lib_Delays.c,19 :: 		void Delay_50us() {
;__Lib_Delays.c,20 :: 		Delay_us(50);
0x0032	0x0E21      	MOVLW       33
0x0034	0x6E0D      	MOVWF       R13, 0
L_Delay_50us2:
0x0036	0x2E0D      	DECFSZ      R13, 1, 0
0x0038	0xD7FE      	BRA         L_Delay_50us2
;__Lib_Delays.c,21 :: 		}
L_end_Delay_50us:
0x003A	0x0012      	RETURN      0
; end of _Delay_50us
_Delay_1us:
;__Lib_Delays.c,7 :: 		void Delay_1us() {
;__Lib_Delays.c,8 :: 		Delay_us(1);
0x003C	0x0000      	NOP
0x003E	0x0000      	NOP
;__Lib_Delays.c,9 :: 		}
L_end_Delay_1us:
0x0040	0x0012      	RETURN      0
; end of _Delay_1us
_Lcd_Cmd:
;__Lib_Lcd.c,18 :: 		
;__Lib_Lcd.c,20 :: 		
0x0042	0xBE64      	BTFSC       FARG_Lcd_Cmd_out_char, 7 
0x0044	0xD002      	BRA         L__Lcd_Cmd21
0x0046	0x9A81      	BCF         LCD_D7, BitPos(LCD_D7+0) 
0x0048	0xD001      	BRA         L__Lcd_Cmd22
L__Lcd_Cmd21:
0x004A	0x8A81      	BSF         LCD_D7, BitPos(LCD_D7+0) 
L__Lcd_Cmd22:
;__Lib_Lcd.c,21 :: 		
0x004C	0xBC64      	BTFSC       FARG_Lcd_Cmd_out_char, 6 
0x004E	0xD002      	BRA         L__Lcd_Cmd23
0x0050	0x9881      	BCF         LCD_D6, BitPos(LCD_D6+0) 
0x0052	0xD001      	BRA         L__Lcd_Cmd24
L__Lcd_Cmd23:
0x0054	0x8881      	BSF         LCD_D6, BitPos(LCD_D6+0) 
L__Lcd_Cmd24:
;__Lib_Lcd.c,22 :: 		
0x0056	0xBA64      	BTFSC       FARG_Lcd_Cmd_out_char, 5 
0x0058	0xD002      	BRA         L__Lcd_Cmd25
0x005A	0x9681      	BCF         LCD_D5, BitPos(LCD_D5+0) 
0x005C	0xD001      	BRA         L__Lcd_Cmd26
L__Lcd_Cmd25:
0x005E	0x8681      	BSF         LCD_D5, BitPos(LCD_D5+0) 
L__Lcd_Cmd26:
;__Lib_Lcd.c,23 :: 		
0x0060	0xB864      	BTFSC       FARG_Lcd_Cmd_out_char, 4 
0x0062	0xD002      	BRA         L__Lcd_Cmd27
0x0064	0x9481      	BCF         LCD_D4, BitPos(LCD_D4+0) 
0x0066	0xD001      	BRA         L__Lcd_Cmd28
L__Lcd_Cmd27:
0x0068	0x8481      	BSF         LCD_D4, BitPos(LCD_D4+0) 
L__Lcd_Cmd28:
;__Lib_Lcd.c,25 :: 		
0x006A	0xB05B      	BTFSC       __Lib_Lcd_cmd_status, BitPos(__Lib_Lcd_cmd_status+0) 
0x006C	0xD002      	BRA         L__Lcd_Cmd29
0x006E	0x8081      	BSF         LCD_RS, BitPos(LCD_RS+0) 
0x0070	0xD001      	BRA         L__Lcd_Cmd30
L__Lcd_Cmd29:
0x0072	0x9081      	BCF         LCD_RS, BitPos(LCD_RS+0) 
L__Lcd_Cmd30:
;__Lib_Lcd.c,28 :: 		
0x0074	0x8281      	BSF         LCD_EN, BitPos(LCD_EN+0) 
;__Lib_Lcd.c,29 :: 		
0x0076	0xDFE2      	RCALL       _Delay_1us
;__Lib_Lcd.c,30 :: 		
0x0078	0x9281      	BCF         LCD_EN, BitPos(LCD_EN+0) 
;__Lib_Lcd.c,33 :: 		
0x007A	0xB664      	BTFSC       FARG_Lcd_Cmd_out_char, 3 
0x007C	0xD002      	BRA         L__Lcd_Cmd31
0x007E	0x9A81      	BCF         LCD_D7, BitPos(LCD_D7+0) 
0x0080	0xD001      	BRA         L__Lcd_Cmd32
L__Lcd_Cmd31:
0x0082	0x8A81      	BSF         LCD_D7, BitPos(LCD_D7+0) 
L__Lcd_Cmd32:
;__Lib_Lcd.c,34 :: 		
0x0084	0xB464      	BTFSC       FARG_Lcd_Cmd_out_char, 2 
0x0086	0xD002      	BRA         L__Lcd_Cmd33
0x0088	0x9881      	BCF         LCD_D6, BitPos(LCD_D6+0) 
0x008A	0xD001      	BRA         L__Lcd_Cmd34
L__Lcd_Cmd33:
0x008C	0x8881      	BSF         LCD_D6, BitPos(LCD_D6+0) 
L__Lcd_Cmd34:
;__Lib_Lcd.c,35 :: 		
0x008E	0xB264      	BTFSC       FARG_Lcd_Cmd_out_char, 1 
0x0090	0xD002      	BRA         L__Lcd_Cmd35
0x0092	0x9681      	BCF         LCD_D5, BitPos(LCD_D5+0) 
0x0094	0xD001      	BRA         L__Lcd_Cmd36
L__Lcd_Cmd35:
0x0096	0x8681      	BSF         LCD_D5, BitPos(LCD_D5+0) 
L__Lcd_Cmd36:
;__Lib_Lcd.c,36 :: 		
0x0098	0xB064      	BTFSC       FARG_Lcd_Cmd_out_char, 0 
0x009A	0xD002      	BRA         L__Lcd_Cmd37
0x009C	0x9481      	BCF         LCD_D4, BitPos(LCD_D4+0) 
0x009E	0xD001      	BRA         L__Lcd_Cmd38
L__Lcd_Cmd37:
0x00A0	0x8481      	BSF         LCD_D4, BitPos(LCD_D4+0) 
L__Lcd_Cmd38:
;__Lib_Lcd.c,38 :: 		
0x00A2	0xB05B      	BTFSC       __Lib_Lcd_cmd_status, BitPos(__Lib_Lcd_cmd_status+0) 
0x00A4	0xD002      	BRA         L__Lcd_Cmd39
0x00A6	0x8081      	BSF         LCD_RS, BitPos(LCD_RS+0) 
0x00A8	0xD001      	BRA         L__Lcd_Cmd40
L__Lcd_Cmd39:
0x00AA	0x9081      	BCF         LCD_RS, BitPos(LCD_RS+0) 
L__Lcd_Cmd40:
;__Lib_Lcd.c,40 :: 		
0x00AC	0x8281      	BSF         LCD_EN, BitPos(LCD_EN+0) 
;__Lib_Lcd.c,41 :: 		
0x00AE	0xDFC6      	RCALL       _Delay_1us
;__Lib_Lcd.c,42 :: 		
0x00B0	0x9281      	BCF         LCD_EN, BitPos(LCD_EN+0) 
;__Lib_Lcd.c,44 :: 		
0x00B2	0xA05B      	BTFSS       __Lib_Lcd_cmd_status, BitPos(__Lib_Lcd_cmd_status+0) 
0x00B4	0xD002      	BRA         L_Lcd_Cmd0
;__Lib_Lcd.c,45 :: 		
0x00B6	0xDFB2      	RCALL       _Delay_5500us
0x00B8	0xD001      	BRA         L_Lcd_Cmd1
L_Lcd_Cmd0:
;__Lib_Lcd.c,47 :: 		
0x00BA	0xDFBB      	RCALL       _Delay_50us
L_Lcd_Cmd1:
;__Lib_Lcd.c,48 :: 		
L_end_Lcd_Cmd:
0x00BC	0x0012      	RETURN      0
; end of _Lcd_Cmd
_Div_16x16_S_L:
;__Lib_Math.c,139 :: 		
;__Lib_Math.c,146 :: 		
0x00BE	0x3401      	RLCF        R1, 0, 0
;__Lib_Math.c,147 :: 		
0x00C0	0x3608      	RLCF        R8, 1, 0
;__Lib_Math.c,148 :: 		
0x00C2	0x3609      	RLCF        R9, 1, 0
;__Lib_Math.c,149 :: 		
0x00C4	0x5004      	MOVF        R4, 0, 0
;__Lib_Math.c,150 :: 		
0x00C6	0x5E08      	SUBWF       R8, 1, 0
;__Lib_Math.c,151 :: 		
0x00C8	0x5005      	MOVF        R5, 0, 0
;__Lib_Math.c,152 :: 		
0x00CA	0xA0D8      	BTFSS       STATUS, 0, 0
;__Lib_Math.c,153 :: 		
0x00CC	0x3C05      	INCFSZ      R5, 0, 0
;__Lib_Math.c,154 :: 		
0x00CE	0x5E09      	SUBWF       R9, 1, 0
;__Lib_Math.c,155 :: 		
0x00D0	0x3600      	RLCF        R0, 1, 0
;__Lib_Math.c,156 :: 		
0x00D2	0x3601      	RLCF        R1, 1, 0
;__Lib_Math.c,158 :: 		
0x00D4	0x0E0F      	MOVLW       15
;__Lib_Math.c,159 :: 		
0x00D6	0x6E0C      	MOVWF       R12, 0
;__Lib_Math.c,161 :: 		
0x00D8	0x3401      	RLCF        R1, 0, 0
;__Lib_Math.c,162 :: 		
0x00DA	0x3608      	RLCF        R8, 1, 0
;__Lib_Math.c,163 :: 		
0x00DC	0x3609      	RLCF        R9, 1, 0
;__Lib_Math.c,164 :: 		
0x00DE	0x5004      	MOVF        R4, 0, 0
;__Lib_Math.c,166 :: 		
0x00E0	0xA000      	BTFSS       R0, 0, 0
;__Lib_Math.c,167 :: 		
0x00E2	0xD006      	BRA         $+14
;__Lib_Math.c,168 :: 		
0x00E4	0x5E08      	SUBWF       R8, 1, 0
;__Lib_Math.c,169 :: 		
0x00E6	0x5005      	MOVF        R5, 0, 0
;__Lib_Math.c,170 :: 		
0x00E8	0xA0D8      	BTFSS       STATUS, 0, 0
;__Lib_Math.c,171 :: 		
0x00EA	0x3C05      	INCFSZ      R5, 0, 0
;__Lib_Math.c,172 :: 		
0x00EC	0x5E09      	SUBWF       R9, 1, 0
;__Lib_Math.c,173 :: 		
0x00EE	0xD005      	BRA         $+12
;__Lib_Math.c,175 :: 		
0x00F0	0x2608      	ADDWF       R8, 1, 0
;__Lib_Math.c,176 :: 		
0x00F2	0x5005      	MOVF        R5, 0, 0
;__Lib_Math.c,177 :: 		
0x00F4	0xB0D8      	BTFSC       STATUS, 0, 0
;__Lib_Math.c,178 :: 		
0x00F6	0x3C05      	INCFSZ      R5, 0, 0
;__Lib_Math.c,179 :: 		
0x00F8	0x2609      	ADDWF       R9, 1, 0
;__Lib_Math.c,181 :: 		
0x00FA	0x3600      	RLCF        R0, 1, 0
;__Lib_Math.c,182 :: 		
0x00FC	0x3601      	RLCF        R1, 1, 0
;__Lib_Math.c,184 :: 		
0x00FE	0x2E0C      	DECFSZ      R12, 1, 0
;__Lib_Math.c,185 :: 		
0x0100	0xD7EB      	BRA         $-40
;__Lib_Math.c,187 :: 		
0x0102	0xB000      	BTFSC       R0, 0, 0
;__Lib_Math.c,188 :: 		
0x0104	0xD006      	BRA         $+14
;__Lib_Math.c,189 :: 		
0x0106	0x5004      	MOVF        R4, 0, 0
;__Lib_Math.c,190 :: 		
0x0108	0x2608      	ADDWF       R8, 1, 0
;__Lib_Math.c,191 :: 		
0x010A	0x5005      	MOVF        R5, 0, 0
;__Lib_Math.c,192 :: 		
0x010C	0xB0D8      	BTFSC       STATUS, 0, 0
;__Lib_Math.c,193 :: 		
0x010E	0x3C05      	INCFSZ      R5, 0, 0
;__Lib_Math.c,194 :: 		
0x0110	0x2609      	ADDWF       R9, 1, 0
;__Lib_Math.c,195 :: 		
0x0112	0x0000      	NOP
;__Lib_Math.c,197 :: 		
L_end_Div_16x16_S_L:
0x0114	0x0012      	RETURN      0
; end of _Div_16x16_S_L
_Lcd_Chr_CP:
;__Lib_Lcd.c,50 :: 		
;__Lib_Lcd.c,52 :: 		
0x0116	0x905B      	BCF         __Lib_Lcd_cmd_status, BitPos(__Lib_Lcd_cmd_status+0) 
;__Lib_Lcd.c,53 :: 		
0x0118	0xF064C063  	MOVFF       FARG_Lcd_Chr_CP_out_char, FARG_Lcd_Cmd_out_char
0x011C	0xDF92      	RCALL       _Lcd_Cmd
;__Lib_Lcd.c,54 :: 		
0x011E	0x805B      	BSF         __Lib_Lcd_cmd_status, BitPos(__Lib_Lcd_cmd_status+0) 
;__Lib_Lcd.c,55 :: 		
L_end_Lcd_Chr_CP:
0x0120	0x0012      	RETURN      0
; end of _Lcd_Chr_CP
_Lcd_Init:
;__Lib_Lcd.c,84 :: 		
;__Lib_Lcd.c,86 :: 		
0x0122	0x9293      	BCF         LCD_EN_Direction, BitPos(LCD_EN_Direction+0) 
;__Lib_Lcd.c,87 :: 		
0x0124	0x9093      	BCF         LCD_RS_Direction, BitPos(LCD_RS_Direction+0) 
;__Lib_Lcd.c,88 :: 		
0x0126	0x9493      	BCF         LCD_D4_Direction, BitPos(LCD_D4_Direction+0) 
;__Lib_Lcd.c,89 :: 		
0x0128	0x9693      	BCF         LCD_D5_Direction, BitPos(LCD_D5_Direction+0) 
;__Lib_Lcd.c,90 :: 		
0x012A	0x9893      	BCF         LCD_D6_Direction, BitPos(LCD_D6_Direction+0) 
;__Lib_Lcd.c,91 :: 		
0x012C	0x9A93      	BCF         LCD_D7_Direction, BitPos(LCD_D7_Direction+0) 
;__Lib_Lcd.c,93 :: 		
0x012E	0x9281      	BCF         LCD_EN, BitPos(LCD_EN+0) 
;__Lib_Lcd.c,94 :: 		
0x0130	0x9081      	BCF         LCD_RS, BitPos(LCD_RS+0) 
;__Lib_Lcd.c,95 :: 		
0x0132	0x9A81      	BCF         LCD_D7, BitPos(LCD_D7+0) 
;__Lib_Lcd.c,96 :: 		
0x0134	0x9881      	BCF         LCD_D6, BitPos(LCD_D6+0) 
;__Lib_Lcd.c,97 :: 		
0x0136	0x9681      	BCF         LCD_D5, BitPos(LCD_D5+0) 
;__Lib_Lcd.c,98 :: 		
0x0138	0x9481      	BCF         LCD_D4, BitPos(LCD_D4+0) 
;__Lib_Lcd.c,100 :: 		
0x013A	0xDF70      	RCALL       _Delay_5500us
;__Lib_Lcd.c,101 :: 		
0x013C	0xDF6F      	RCALL       _Delay_5500us
;__Lib_Lcd.c,102 :: 		
0x013E	0xDF6E      	RCALL       _Delay_5500us
;__Lib_Lcd.c,105 :: 		
0x0140	0x8681      	BSF         LCD_D5, BitPos(LCD_D5+0) 
;__Lib_Lcd.c,106 :: 		
0x0142	0x8481      	BSF         LCD_D4, BitPos(LCD_D4+0) 
;__Lib_Lcd.c,107 :: 		
0x0144	0x8281      	BSF         LCD_EN, BitPos(LCD_EN+0) 
;__Lib_Lcd.c,108 :: 		
0x0146	0xDF7A      	RCALL       _Delay_1us
;__Lib_Lcd.c,109 :: 		
0x0148	0x9281      	BCF         LCD_EN, BitPos(LCD_EN+0) 
;__Lib_Lcd.c,110 :: 		
0x014A	0xDF68      	RCALL       _Delay_5500us
;__Lib_Lcd.c,112 :: 		
0x014C	0x8281      	BSF         LCD_EN, BitPos(LCD_EN+0) 
;__Lib_Lcd.c,113 :: 		
0x014E	0xDF76      	RCALL       _Delay_1us
;__Lib_Lcd.c,114 :: 		
0x0150	0x9281      	BCF         LCD_EN, BitPos(LCD_EN+0) 
;__Lib_Lcd.c,115 :: 		
0x0152	0xDF64      	RCALL       _Delay_5500us
;__Lib_Lcd.c,117 :: 		
0x0154	0x8281      	BSF         LCD_EN, BitPos(LCD_EN+0) 
;__Lib_Lcd.c,118 :: 		
0x0156	0xDF72      	RCALL       _Delay_1us
;__Lib_Lcd.c,119 :: 		
0x0158	0x9281      	BCF         LCD_EN, BitPos(LCD_EN+0) 
;__Lib_Lcd.c,120 :: 		
0x015A	0xDF60      	RCALL       _Delay_5500us
;__Lib_Lcd.c,123 :: 		
0x015C	0x9481      	BCF         LCD_D4, BitPos(LCD_D4+0) 
;__Lib_Lcd.c,124 :: 		
0x015E	0x8281      	BSF         LCD_EN, BitPos(LCD_EN+0) 
;__Lib_Lcd.c,125 :: 		
0x0160	0xDF6D      	RCALL       _Delay_1us
;__Lib_Lcd.c,126 :: 		
0x0162	0x9281      	BCF         LCD_EN, BitPos(LCD_EN+0) 
;__Lib_Lcd.c,127 :: 		
0x0164	0xDF5B      	RCALL       _Delay_5500us
;__Lib_Lcd.c,130 :: 		
0x0166	0x8281      	BSF         LCD_EN, BitPos(LCD_EN+0) 
;__Lib_Lcd.c,131 :: 		
0x0168	0xDF69      	RCALL       _Delay_1us
;__Lib_Lcd.c,132 :: 		
0x016A	0x9281      	BCF         LCD_EN, BitPos(LCD_EN+0) 
;__Lib_Lcd.c,134 :: 		
0x016C	0x9681      	BCF         LCD_D5, BitPos(LCD_D5+0) 
;__Lib_Lcd.c,135 :: 		
0x016E	0x8A81      	BSF         LCD_D7, BitPos(LCD_D7+0) 
;__Lib_Lcd.c,136 :: 		
0x0170	0x8281      	BSF         LCD_EN, BitPos(LCD_EN+0) 
;__Lib_Lcd.c,137 :: 		
0x0172	0xDF64      	RCALL       _Delay_1us
;__Lib_Lcd.c,138 :: 		
0x0174	0x9281      	BCF         LCD_EN, BitPos(LCD_EN+0) 
;__Lib_Lcd.c,139 :: 		
0x0176	0xDF52      	RCALL       _Delay_5500us
;__Lib_Lcd.c,142 :: 		
0x0178	0x9A81      	BCF         LCD_D7, BitPos(LCD_D7+0) 
;__Lib_Lcd.c,143 :: 		
0x017A	0x8481      	BSF         LCD_D4, BitPos(LCD_D4+0) 
;__Lib_Lcd.c,144 :: 		
0x017C	0x8281      	BSF         LCD_EN, BitPos(LCD_EN+0) 
;__Lib_Lcd.c,145 :: 		
0x017E	0xDF5E      	RCALL       _Delay_1us
;__Lib_Lcd.c,146 :: 		
0x0180	0x9281      	BCF         LCD_EN, BitPos(LCD_EN+0) 
;__Lib_Lcd.c,148 :: 		
0x0182	0x9481      	BCF         LCD_D4, BitPos(LCD_D4+0) 
;__Lib_Lcd.c,149 :: 		
0x0184	0x8281      	BSF         LCD_EN, BitPos(LCD_EN+0) 
;__Lib_Lcd.c,150 :: 		
0x0186	0xDF5A      	RCALL       _Delay_1us
;__Lib_Lcd.c,151 :: 		
0x0188	0x9281      	BCF         LCD_EN, BitPos(LCD_EN+0) 
;__Lib_Lcd.c,152 :: 		
0x018A	0xDF48      	RCALL       _Delay_5500us
;__Lib_Lcd.c,155 :: 		
0x018C	0x8281      	BSF         LCD_EN, BitPos(LCD_EN+0) 
;__Lib_Lcd.c,156 :: 		
0x018E	0xDF56      	RCALL       _Delay_1us
;__Lib_Lcd.c,157 :: 		
0x0190	0x9281      	BCF         LCD_EN, BitPos(LCD_EN+0) 
;__Lib_Lcd.c,159 :: 		
0x0192	0x8481      	BSF         LCD_D4, BitPos(LCD_D4+0) 
;__Lib_Lcd.c,160 :: 		
0x0194	0x8281      	BSF         LCD_EN, BitPos(LCD_EN+0) 
;__Lib_Lcd.c,161 :: 		
0x0196	0xDF52      	RCALL       _Delay_1us
;__Lib_Lcd.c,162 :: 		
0x0198	0x9281      	BCF         LCD_EN, BitPos(LCD_EN+0) 
;__Lib_Lcd.c,163 :: 		
0x019A	0xDF40      	RCALL       _Delay_5500us
;__Lib_Lcd.c,166 :: 		
0x019C	0x9481      	BCF         LCD_D4, BitPos(LCD_D4+0) 
;__Lib_Lcd.c,167 :: 		
0x019E	0x8281      	BSF         LCD_EN, BitPos(LCD_EN+0) 
;__Lib_Lcd.c,168 :: 		
0x01A0	0xDF4D      	RCALL       _Delay_1us
;__Lib_Lcd.c,169 :: 		
0x01A2	0x9281      	BCF         LCD_EN, BitPos(LCD_EN+0) 
;__Lib_Lcd.c,171 :: 		
0x01A4	0x8A81      	BSF         LCD_D7, BitPos(LCD_D7+0) 
;__Lib_Lcd.c,172 :: 		
0x01A6	0x8881      	BSF         LCD_D6, BitPos(LCD_D6+0) 
;__Lib_Lcd.c,173 :: 		
0x01A8	0x8681      	BSF         LCD_D5, BitPos(LCD_D5+0) 
;__Lib_Lcd.c,174 :: 		
0x01AA	0x8481      	BSF         LCD_D4, BitPos(LCD_D4+0) 
;__Lib_Lcd.c,175 :: 		
0x01AC	0x8281      	BSF         LCD_EN, BitPos(LCD_EN+0) 
;__Lib_Lcd.c,176 :: 		
0x01AE	0xDF46      	RCALL       _Delay_1us
;__Lib_Lcd.c,177 :: 		
0x01B0	0x9281      	BCF         LCD_EN, BitPos(LCD_EN+0) 
;__Lib_Lcd.c,179 :: 		
0x01B2	0xDF34      	RCALL       _Delay_5500us
;__Lib_Lcd.c,181 :: 		
0x01B4	0x805B      	BSF         __Lib_Lcd_cmd_status, BitPos(__Lib_Lcd_cmd_status+0) 
;__Lib_Lcd.c,182 :: 		
L_end_Lcd_Init:
0x01B6	0x0012      	RETURN      0
; end of _Lcd_Init
___CC2DW:
;__Lib_System.c,21 :: 		
;__Lib_System.c,23 :: 		
_CC2DL_Loop1:
;__Lib_System.c,24 :: 		
0x01B8	0x0009      	TBLRD*+
;__Lib_System.c,25 :: 		
0x01BA	0xFFE6CFF5  	MOVFF       TABLAT, POSTINC1
;__Lib_System.c,26 :: 		
0x01BE	0x0600      	DECF        R0, 1, 0
;__Lib_System.c,27 :: 		
0x01C0	0xE1FB      	BNZ         _CC2DL_Loop1
;__Lib_System.c,28 :: 		
0x01C2	0x0601      	DECF        R1, 1, 0
;__Lib_System.c,29 :: 		
0x01C4	0xE1F9      	BNZ         _CC2DL_Loop1
;__Lib_System.c,31 :: 		
L_end___CC2DW:
0x01C6	0x0012      	RETURN      0
; end of ___CC2DW
_Lcd_Out:
;__Lib_Lcd.c,184 :: 		
;__Lib_Lcd.c,187 :: 		
0x01C8	0xD00F      	BRA         L_Lcd_Out11
;__Lib_Lcd.c,188 :: 		
L_Lcd_Out13:
0x01CA	0x0E80      	MOVLW       128
0x01CC	0x6E5E      	MOVWF       FARG_Lcd_Out_row 
0x01CE	0xD019      	BRA         L_Lcd_Out12
;__Lib_Lcd.c,189 :: 		
L_Lcd_Out14:
0x01D0	0x0EC0      	MOVLW       192
0x01D2	0x6E5E      	MOVWF       FARG_Lcd_Out_row 
0x01D4	0xD016      	BRA         L_Lcd_Out12
;__Lib_Lcd.c,190 :: 		
L_Lcd_Out15:
0x01D6	0x0E94      	MOVLW       148
0x01D8	0x6E5E      	MOVWF       FARG_Lcd_Out_row 
0x01DA	0xD013      	BRA         L_Lcd_Out12
;__Lib_Lcd.c,191 :: 		
L_Lcd_Out16:
0x01DC	0x0ED4      	MOVLW       212
0x01DE	0x6E5E      	MOVWF       FARG_Lcd_Out_row 
0x01E0	0xD010      	BRA         L_Lcd_Out12
;__Lib_Lcd.c,192 :: 		
L_Lcd_Out17:
0x01E2	0x0E80      	MOVLW       128
0x01E4	0x6E5E      	MOVWF       FARG_Lcd_Out_row 
;__Lib_Lcd.c,193 :: 		
0x01E6	0xD00D      	BRA         L_Lcd_Out12
L_Lcd_Out11:
0x01E8	0x505E      	MOVF        FARG_Lcd_Out_row, 0 
0x01EA	0x0A01      	XORLW       1
0x01EC	0xE0EE      	BZ          L_Lcd_Out13
0x01EE	0x505E      	MOVF        FARG_Lcd_Out_row, 0 
0x01F0	0x0A02      	XORLW       2
0x01F2	0xE0EE      	BZ          L_Lcd_Out14
0x01F4	0x505E      	MOVF        FARG_Lcd_Out_row, 0 
0x01F6	0x0A03      	XORLW       3
0x01F8	0xE0EE      	BZ          L_Lcd_Out15
0x01FA	0x505E      	MOVF        FARG_Lcd_Out_row, 0 
0x01FC	0x0A04      	XORLW       4
0x01FE	0xE0EE      	BZ          L_Lcd_Out16
0x0200	0xD7F0      	BRA         L_Lcd_Out17
L_Lcd_Out12:
;__Lib_Lcd.c,194 :: 		
0x0202	0x045F      	DECF        FARG_Lcd_Out_column, 0 
0x0204	0x6E00      	MOVWF       R0 
0x0206	0x505E      	MOVF        FARG_Lcd_Out_row, 0 
0x0208	0x2600      	ADDWF       R0, 1 
0x020A	0xF05EC000  	MOVFF       R0, FARG_Lcd_Out_row
;__Lib_Lcd.c,196 :: 		
0x020E	0xF064C000  	MOVFF       R0, FARG_Lcd_Cmd_out_char
0x0212	0xDF17      	RCALL       _Lcd_Cmd
;__Lib_Lcd.c,197 :: 		
0x0214	0x905B      	BCF         __Lib_Lcd_cmd_status, BitPos(__Lib_Lcd_cmd_status+0) 
;__Lib_Lcd.c,198 :: 		
0x0216	0x6A62      	CLRF        Lcd_Out_i_L0 
;__Lib_Lcd.c,199 :: 		
L_Lcd_Out18:
0x0218	0x5062      	MOVF        Lcd_Out_i_L0, 0 
0x021A	0x2460      	ADDWF       FARG_Lcd_Out_text, 0 
0x021C	0x6EE9      	MOVWF       FSR0L 
0x021E	0x0E00      	MOVLW       0
0x0220	0x2061      	ADDWFC      FARG_Lcd_Out_text+1, 0 
0x0222	0x6EEA      	MOVWF       FSR0L+1 
0x0224	0x52EE      	MOVF        POSTINC0, 1 
0x0226	0xE00B      	BZ          L_Lcd_Out19
;__Lib_Lcd.c,200 :: 		
0x0228	0x5062      	MOVF        Lcd_Out_i_L0, 0 
0x022A	0x2460      	ADDWF       FARG_Lcd_Out_text, 0 
0x022C	0x6EE9      	MOVWF       FSR0L 
0x022E	0x0E00      	MOVLW       0
0x0230	0x2061      	ADDWFC      FARG_Lcd_Out_text+1, 0 
0x0232	0x6EEA      	MOVWF       FSR0L+1 
0x0234	0xF063CFEE  	MOVFF       POSTINC0, FARG_Lcd_Chr_CP_out_char
0x0238	0xDF6E      	RCALL       _Lcd_Chr_CP
0x023A	0x2A62      	INCF        Lcd_Out_i_L0, 1 
0x023C	0xD7ED      	BRA         L_Lcd_Out18
L_Lcd_Out19:
;__Lib_Lcd.c,201 :: 		
0x023E	0x805B      	BSF         __Lib_Lcd_cmd_status, BitPos(__Lib_Lcd_cmd_status+0) 
;__Lib_Lcd.c,202 :: 		
L_end_Lcd_Out:
0x0240	0x0012      	RETURN      0
; end of _Lcd_Out
_Div_16x16_S:
;__Lib_Math.c,200 :: 		
;__Lib_Math.c,208 :: 		
0x0242	0x5004      	MOVF        R4, 0 
0x0244	0x0A00      	XORLW       0
0x0246	0xE108      	BNZ         L_Div_16x16_S0
;__Lib_Math.c,209 :: 		
0x0248	0x5005      	MOVF        R5, 0 
0x024A	0x0A00      	XORLW       0
0x024C	0xE105      	BNZ         L_Div_16x16_S1
;__Lib_Math.c,210 :: 		
0x024E	0x0EFF      	MOVLW       255
0x0250	0x6E00      	MOVWF       R0 
;__Lib_Math.c,211 :: 		
0x0252	0x0E7F      	MOVLW       127
0x0254	0x6E01      	MOVWF       R1 
;__Lib_Math.c,212 :: 		
0x0256	0xD057      	BRA         L_end_Div_16x16_S
;__Lib_Math.c,213 :: 		
L_Div_16x16_S1:
L_Div_16x16_S0:
;__Lib_Math.c,216 :: 		
0x0258	0x6A0D      	CLRF        R13, 0
;__Lib_Math.c,217 :: 		
0x025A	0x6A09      	CLRF        R9, 0
;__Lib_Math.c,218 :: 		
0x025C	0x6A08      	CLRF        R8, 0
;__Lib_Math.c,219 :: 		
0x025E	0x5001      	MOVF        R1, 0, 0
;__Lib_Math.c,220 :: 		
0x0260	0x1000      	IORWF       R0, 0, 0
;__Lib_Math.c,221 :: 		
0x0262	0xB4D8      	BTFSC       STATUS, 2, 0
;__Lib_Math.c,222 :: 		
0x0264	0x0C00      	RETLW       0
;__Lib_Math.c,224 :: 		
0x0266	0x5001      	MOVF        R1, 0, 0
;__Lib_Math.c,225 :: 		
0x0268	0x1805      	XORWF       R5, 0, 0
;__Lib_Math.c,226 :: 		
0x026A	0x6E0A      	MOVWF       R10, 0
;__Lib_Math.c,227 :: 		
0x026C	0xBE0A      	BTFSC       R10, 7, 0
;__Lib_Math.c,228 :: 		
0x026E	0x1E0D      	COMF        R13, 1, 0
;__Lib_Math.c,230 :: 		
0x0270	0x6A0B      	CLRF        R11, 0
;__Lib_Math.c,232 :: 		
0x0272	0xAE05      	BTFSS       R5, 7, 0
;__Lib_Math.c,233 :: 		
0x0274	0xD005      	BRA         $+12
;__Lib_Math.c,235 :: 		
0x0276	0x1E04      	COMF        R4, 1, 0
;__Lib_Math.c,236 :: 		
0x0278	0x1E05      	COMF        R5, 1, 0
;__Lib_Math.c,237 :: 		
0x027A	0x2A04      	INCF        R4, 1, 0
;__Lib_Math.c,238 :: 		
0x027C	0xB4D8      	BTFSC       STATUS, 2, 0
;__Lib_Math.c,239 :: 		
0x027E	0x2A05      	INCF        R5, 1, 0
;__Lib_Math.c,241 :: 		
0x0280	0xAE01      	BTFSS       R1, 7, 0
;__Lib_Math.c,242 :: 		
0x0282	0xD005      	BRA         $+12
;__Lib_Math.c,244 :: 		
0x0284	0x1E00      	COMF        R0, 1, 0
;__Lib_Math.c,245 :: 		
0x0286	0x1E01      	COMF        R1, 1, 0
;__Lib_Math.c,246 :: 		
0x0288	0x2A00      	INCF        R0, 1, 0
;__Lib_Math.c,247 :: 		
0x028A	0xB4D8      	BTFSC       STATUS, 2, 0
;__Lib_Math.c,248 :: 		
0x028C	0x2A01      	INCF        R1, 1, 0
;__Lib_Math.c,250 :: 		
0x028E	0x5001      	MOVF        R1, 0, 0
;__Lib_Math.c,251 :: 		
0x0290	0x1005      	IORWF       R5, 0, 0
;__Lib_Math.c,252 :: 		
0x0292	0x6E0A      	MOVWF       R10, 0
;__Lib_Math.c,253 :: 		
0x0294	0xBE0A      	BTFSC       R10, 7, 0
;__Lib_Math.c,254 :: 		
0x0296	0xD010      	BRA         $+34
;__Lib_Math.c,256 :: 		
0x0298	0xDF12      	RCALL       _Div_16x16_S_L
;__Lib_Math.c,258 :: 		
0x029A	0xB00B      	BTFSC       R11, 0, 0
;__Lib_Math.c,259 :: 		
0x029C	0xD020      	BRA         $+66
;__Lib_Math.c,261 :: 		
0x029E	0xAE0D      	BTFSS       R13, 7, 0
;__Lib_Math.c,262 :: 		
0x02A0	0x0C00      	RETLW       0
;__Lib_Math.c,264 :: 		
0x02A2	0x1E00      	COMF        R0, 1, 0
;__Lib_Math.c,265 :: 		
0x02A4	0x1E01      	COMF        R1, 1, 0
;__Lib_Math.c,266 :: 		
0x02A6	0x2A00      	INCF        R0, 1, 0
;__Lib_Math.c,267 :: 		
0x02A8	0xB4D8      	BTFSC       STATUS, 2, 0
;__Lib_Math.c,268 :: 		
0x02AA	0x2A01      	INCF        R1, 1, 0
;__Lib_Math.c,270 :: 		
0x02AC	0x1E08      	COMF        R8, 1, 0
;__Lib_Math.c,271 :: 		
0x02AE	0x1E09      	COMF        R9, 1, 0
;__Lib_Math.c,272 :: 		
0x02B0	0x2A08      	INCF        R8, 1, 0
;__Lib_Math.c,273 :: 		
0x02B2	0xB4D8      	BTFSC       STATUS, 2, 0
;__Lib_Math.c,274 :: 		
0x02B4	0x2A09      	INCF        R9, 1, 0
;__Lib_Math.c,276 :: 		
0x02B6	0x0C00      	RETLW       0
;__Lib_Math.c,278 :: 		
0x02B8	0xAE05      	BTFSS       R5, 7, 0
;__Lib_Math.c,279 :: 		
0x02BA	0xD00D      	BRA         $+28
;__Lib_Math.c,280 :: 		
0x02BC	0xBE01      	BTFSC       R1, 7, 0
;__Lib_Math.c,281 :: 		
0x02BE	0xD007      	BRA         $+16
;__Lib_Math.c,282 :: 		
0x02C0	0x5001      	MOVF        R1, 0, 0
;__Lib_Math.c,283 :: 		
0x02C2	0x6E09      	MOVWF       R9, 0
;__Lib_Math.c,284 :: 		
0x02C4	0x5000      	MOVF        R0, 0, 0
;__Lib_Math.c,285 :: 		
0x02C6	0x6E08      	MOVWF       R8, 0
;__Lib_Math.c,286 :: 		
0x02C8	0x6A01      	CLRF        R1, 0
;__Lib_Math.c,287 :: 		
0x02CA	0x6A00      	CLRF        R0, 0
;__Lib_Math.c,288 :: 		
0x02CC	0xD7E8      	BRA         $-46
;__Lib_Math.c,289 :: 		
0x02CE	0x6A01      	CLRF        R1, 0
;__Lib_Math.c,290 :: 		
0x02D0	0x6A00      	CLRF        R0, 0
;__Lib_Math.c,291 :: 		
0x02D2	0x2A00      	INCF        R0, 1, 0
;__Lib_Math.c,292 :: 		
0x02D4	0x0C00      	RETLW       0
;__Lib_Math.c,294 :: 		
0x02D6	0x1E01      	COMF        R1, 1, 0
;__Lib_Math.c,295 :: 		
0x02D8	0x1E00      	COMF        R0, 1, 0
;__Lib_Math.c,296 :: 		
0x02DA	0x2A0B      	INCF        R11, 1, 0
;__Lib_Math.c,297 :: 		
0x02DC	0xD7DD      	BRA         $-68
;__Lib_Math.c,299 :: 		
0x02DE	0x2A08      	INCF        R8, 1, 0
;__Lib_Math.c,300 :: 		
0x02E0	0xB4D8      	BTFSC       STATUS, 2, 0
;__Lib_Math.c,301 :: 		
0x02E2	0x2A09      	INCF        R9, 1, 0
;__Lib_Math.c,302 :: 		
0x02E4	0x5004      	MOVF        R4, 0, 0
;__Lib_Math.c,303 :: 		
0x02E6	0x5C08      	SUBWF       R8, 0, 0
;__Lib_Math.c,304 :: 		
0x02E8	0xA4D8      	BTFSS       STATUS, 2, 0
;__Lib_Math.c,305 :: 		
0x02EA	0xD7D9      	BRA         $-76
;__Lib_Math.c,306 :: 		
0x02EC	0x5005      	MOVF        R5, 0, 0
;__Lib_Math.c,307 :: 		
0x02EE	0x5C09      	SUBWF       R9, 0, 0
;__Lib_Math.c,308 :: 		
0x02F0	0xA4D8      	BTFSS       STATUS, 2, 0
;__Lib_Math.c,309 :: 		
0x02F2	0xD7D5      	BRA         $-84
;__Lib_Math.c,310 :: 		
0x02F4	0x6A09      	CLRF        R9, 0
;__Lib_Math.c,311 :: 		
0x02F6	0x6A08      	CLRF        R8, 0
;__Lib_Math.c,312 :: 		
0x02F8	0x2A00      	INCF        R0, 1, 0
;__Lib_Math.c,313 :: 		
0x02FA	0xB4D8      	BTFSC       STATUS, 2, 0
;__Lib_Math.c,314 :: 		
0x02FC	0x2A01      	INCF        R1, 1, 0
;__Lib_Math.c,315 :: 		
0x02FE	0xAE01      	BTFSS       R1, 7, 0
;__Lib_Math.c,316 :: 		
0x0300	0xD7CE      	BRA         $-98
;__Lib_Math.c,317 :: 		
0x0302	0x0000      	NOP
;__Lib_Math.c,318 :: 		
0x0304	0x0CFF      	RETLW       255
;__Lib_Math.c,320 :: 		
L_end_Div_16x16_S:
0x0306	0x0012      	RETURN      0
; end of _Div_16x16_S
_text:
;Clock18.c,16 :: 		char text(int a){
;Clock18.c,17 :: 		switch(a){
0x0308	0xD01E      	BRA         L_text0
;Clock18.c,18 :: 		case 0:
L_text2:
;Clock18.c,19 :: 		return '0';
0x030A	0x0E30      	MOVLW       48
0x030C	0x6E00      	MOVWF       R0 
0x030E	0xD057      	BRA         L_end_text
;Clock18.c,20 :: 		case 1:
L_text3:
;Clock18.c,21 :: 		return '1';
0x0310	0x0E31      	MOVLW       49
0x0312	0x6E00      	MOVWF       R0 
0x0314	0xD054      	BRA         L_end_text
;Clock18.c,22 :: 		case 2:
L_text4:
;Clock18.c,23 :: 		return '2';
0x0316	0x0E32      	MOVLW       50
0x0318	0x6E00      	MOVWF       R0 
0x031A	0xD051      	BRA         L_end_text
;Clock18.c,24 :: 		case 3:
L_text5:
;Clock18.c,25 :: 		return '3';
0x031C	0x0E33      	MOVLW       51
0x031E	0x6E00      	MOVWF       R0 
0x0320	0xD04E      	BRA         L_end_text
;Clock18.c,26 :: 		case 4:
L_text6:
;Clock18.c,27 :: 		return '4';
0x0322	0x0E34      	MOVLW       52
0x0324	0x6E00      	MOVWF       R0 
0x0326	0xD04B      	BRA         L_end_text
;Clock18.c,28 :: 		case 5:
L_text7:
;Clock18.c,29 :: 		return '5';
0x0328	0x0E35      	MOVLW       53
0x032A	0x6E00      	MOVWF       R0 
0x032C	0xD048      	BRA         L_end_text
;Clock18.c,30 :: 		case 6:
L_text8:
;Clock18.c,31 :: 		return '6';
0x032E	0x0E36      	MOVLW       54
0x0330	0x6E00      	MOVWF       R0 
0x0332	0xD045      	BRA         L_end_text
;Clock18.c,32 :: 		case 7:
L_text9:
;Clock18.c,33 :: 		return '7';
0x0334	0x0E37      	MOVLW       55
0x0336	0x6E00      	MOVWF       R0 
0x0338	0xD042      	BRA         L_end_text
;Clock18.c,34 :: 		case 8:
L_text10:
;Clock18.c,35 :: 		return '8';
0x033A	0x0E38      	MOVLW       56
0x033C	0x6E00      	MOVWF       R0 
0x033E	0xD03F      	BRA         L_end_text
;Clock18.c,36 :: 		case 9:
L_text11:
;Clock18.c,37 :: 		return '9';
0x0340	0x0E39      	MOVLW       57
0x0342	0x6E00      	MOVWF       R0 
0x0344	0xD03C      	BRA         L_end_text
;Clock18.c,38 :: 		}
L_text0:
0x0346	0x0E00      	MOVLW       0
0x0348	0x185F      	XORWF       FARG_text_a+1, 0 
0x034A	0xE102      	BNZ         L__text37
0x034C	0x0E00      	MOVLW       0
0x034E	0x185E      	XORWF       FARG_text_a, 0 
L__text37:
0x0350	0xE0DC      	BZ          L_text2
0x0352	0x0E00      	MOVLW       0
0x0354	0x185F      	XORWF       FARG_text_a+1, 0 
0x0356	0xE102      	BNZ         L__text38
0x0358	0x0E01      	MOVLW       1
0x035A	0x185E      	XORWF       FARG_text_a, 0 
L__text38:
0x035C	0xE0D9      	BZ          L_text3
0x035E	0x0E00      	MOVLW       0
0x0360	0x185F      	XORWF       FARG_text_a+1, 0 
0x0362	0xE102      	BNZ         L__text39
0x0364	0x0E02      	MOVLW       2
0x0366	0x185E      	XORWF       FARG_text_a, 0 
L__text39:
0x0368	0xE0D6      	BZ          L_text4
0x036A	0x0E00      	MOVLW       0
0x036C	0x185F      	XORWF       FARG_text_a+1, 0 
0x036E	0xE102      	BNZ         L__text40
0x0370	0x0E03      	MOVLW       3
0x0372	0x185E      	XORWF       FARG_text_a, 0 
L__text40:
0x0374	0xE0D3      	BZ          L_text5
0x0376	0x0E00      	MOVLW       0
0x0378	0x185F      	XORWF       FARG_text_a+1, 0 
0x037A	0xE102      	BNZ         L__text41
0x037C	0x0E04      	MOVLW       4
0x037E	0x185E      	XORWF       FARG_text_a, 0 
L__text41:
0x0380	0xE0D0      	BZ          L_text6
0x0382	0x0E00      	MOVLW       0
0x0384	0x185F      	XORWF       FARG_text_a+1, 0 
0x0386	0xE102      	BNZ         L__text42
0x0388	0x0E05      	MOVLW       5
0x038A	0x185E      	XORWF       FARG_text_a, 0 
L__text42:
0x038C	0xE0CD      	BZ          L_text7
0x038E	0x0E00      	MOVLW       0
0x0390	0x185F      	XORWF       FARG_text_a+1, 0 
0x0392	0xE102      	BNZ         L__text43
0x0394	0x0E06      	MOVLW       6
0x0396	0x185E      	XORWF       FARG_text_a, 0 
L__text43:
0x0398	0xE0CA      	BZ          L_text8
0x039A	0x0E00      	MOVLW       0
0x039C	0x185F      	XORWF       FARG_text_a+1, 0 
0x039E	0xE102      	BNZ         L__text44
0x03A0	0x0E07      	MOVLW       7
0x03A2	0x185E      	XORWF       FARG_text_a, 0 
L__text44:
0x03A4	0xE0C7      	BZ          L_text9
0x03A6	0x0E00      	MOVLW       0
0x03A8	0x185F      	XORWF       FARG_text_a+1, 0 
0x03AA	0xE102      	BNZ         L__text45
0x03AC	0x0E08      	MOVLW       8
0x03AE	0x185E      	XORWF       FARG_text_a, 0 
L__text45:
0x03B0	0xE0C4      	BZ          L_text10
0x03B2	0x0E00      	MOVLW       0
0x03B4	0x185F      	XORWF       FARG_text_a+1, 0 
0x03B6	0xE102      	BNZ         L__text46
0x03B8	0x0E09      	MOVLW       9
0x03BA	0x185E      	XORWF       FARG_text_a, 0 
L__text46:
0x03BC	0xE0C1      	BZ          L_text11
;Clock18.c,39 :: 		}
L_end_text:
0x03BE	0x0012      	RETURN      0
; end of _text
_main:
0x03C0	0xF003EC7B  	CALL        1782, 0
;Clock18.c,48 :: 		void main() {
;Clock18.c,49 :: 		TRISC = 0x03 ;
0x03C4	0x0E03      	MOVLW       3
0x03C6	0x6E94      	MOVWF       TRISC 
;Clock18.c,50 :: 		PORTC = 0X00;
0x03C8	0x6A82      	CLRF        PORTC 
;Clock18.c,51 :: 		Lcd_Init();                                                   // Initialize Lcd module
0x03CA	0xDEAB      	RCALL       _Lcd_Init
;Clock18.c,52 :: 		Lcd_Cmd(_LCD_CLEAR);                          // Clear Lcd display
0x03CC	0x0E01      	MOVLW       1
0x03CE	0x6E64      	MOVWF       FARG_Lcd_Cmd_out_char 
0x03D0	0xDE38      	RCALL       _Lcd_Cmd
;Clock18.c,53 :: 		Lcd_Cmd(_LCD_CURSOR_OFF);                     // Lcd cursor off
0x03D2	0x0E0C      	MOVLW       12
0x03D4	0x6E64      	MOVWF       FARG_Lcd_Cmd_out_char 
0x03D6	0xDE35      	RCALL       _Lcd_Cmd
;Clock18.c,54 :: 		Lcd_Out(1,3,"Developed By");
0x03D8	0x0E01      	MOVLW       1
0x03DA	0x6E5E      	MOVWF       FARG_Lcd_Out_row 
0x03DC	0x0E03      	MOVLW       3
0x03DE	0x6E5F      	MOVWF       FARG_Lcd_Out_column 
0x03E0	0x0E25      	MOVLW       ?lstr2_Clock18
0x03E2	0x6E60      	MOVWF       FARG_Lcd_Out_text 
0x03E4	0x0E00      	MOVLW       hi_addr(?lstr2_Clock18)
0x03E6	0x6E61      	MOVWF       FARG_Lcd_Out_text+1 
0x03E8	0xDEEF      	RCALL       _Lcd_Out
;Clock18.c,55 :: 		Lcd_Out(2,1,"MINA TECHNOLOGY");
0x03EA	0x0E02      	MOVLW       2
0x03EC	0x6E5E      	MOVWF       FARG_Lcd_Out_row 
0x03EE	0x0E01      	MOVLW       1
0x03F0	0x6E5F      	MOVWF       FARG_Lcd_Out_column 
0x03F2	0x0E32      	MOVLW       ?lstr3_Clock18
0x03F4	0x6E60      	MOVWF       FARG_Lcd_Out_text 
0x03F6	0x0E00      	MOVLW       hi_addr(?lstr3_Clock18)
0x03F8	0x6E61      	MOVWF       FARG_Lcd_Out_text+1 
0x03FA	0xDEE6      	RCALL       _Lcd_Out
;Clock18.c,56 :: 		delay_ms(2000);                                              // 2second delay
0x03FC	0x0E15      	MOVLW       21
0x03FE	0x6E0B      	MOVWF       R11, 0
0x0400	0x0E4B      	MOVLW       75
0x0402	0x6E0C      	MOVWF       R12, 0
0x0404	0x0EBE      	MOVLW       190
0x0406	0x6E0D      	MOVWF       R13, 0
L_main12:
0x0408	0x2E0D      	DECFSZ      R13, 1, 0
0x040A	0xD7FE      	BRA         L_main12
0x040C	0x2E0C      	DECFSZ      R12, 1, 0
0x040E	0xD7FC      	BRA         L_main12
0x0410	0x2E0B      	DECFSZ      R11, 1, 0
0x0412	0xD7FA      	BRA         L_main12
0x0414	0x0000      	NOP
;Clock18.c,57 :: 		Lcd_Cmd(_LCD_CLEAR);                                 // Clear Lcd display
0x0416	0x0E01      	MOVLW       1
0x0418	0x6E64      	MOVWF       FARG_Lcd_Cmd_out_char 
0x041A	0xDE13      	RCALL       _Lcd_Cmd
;Clock18.c,58 :: 		Lcd_Out(1,3,"Digital Clock");
0x041C	0x0E01      	MOVLW       1
0x041E	0x6E5E      	MOVWF       FARG_Lcd_Out_row 
0x0420	0x0E03      	MOVLW       3
0x0422	0x6E5F      	MOVWF       FARG_Lcd_Out_column 
0x0424	0x0E44      	MOVLW       ?lstr4_Clock18
0x0426	0x6E60      	MOVWF       FARG_Lcd_Out_text 
0x0428	0x0E00      	MOVLW       hi_addr(?lstr4_Clock18)
0x042A	0x6E61      	MOVWF       FARG_Lcd_Out_text+1 
0x042C	0xDECD      	RCALL       _Lcd_Out
;Clock18.c,59 :: 		hour = 1;
0x042E	0x0E01      	MOVLW       1
0x0430	0x6E42      	MOVWF       _hour 
0x0432	0x0E00      	MOVLW       0
0x0434	0x6E43      	MOVWF       _hour+1 
;Clock18.c,61 :: 		while(1){
L_main13:
;Clock18.c,62 :: 		set = 0;
0x0436	0x6A5A      	CLRF        _set 
;Clock18.c,63 :: 		if(PORTC.F0==1){
0x0438	0xA082      	BTFSS       PORTC, 0 
0x043A	0xD014      	BRA         L_main15
;Clock18.c,64 :: 		delay_ms(100);
0x043C	0x0E02      	MOVLW       2
0x043E	0x6E0B      	MOVWF       R11, 0
0x0440	0x0E04      	MOVLW       4
0x0442	0x6E0C      	MOVWF       R12, 0
0x0444	0x0EBA      	MOVLW       186
0x0446	0x6E0D      	MOVWF       R13, 0
L_main16:
0x0448	0x2E0D      	DECFSZ      R13, 1, 0
0x044A	0xD7FE      	BRA         L_main16
0x044C	0x2E0C      	DECFSZ      R12, 1, 0
0x044E	0xD7FC      	BRA         L_main16
0x0450	0x2E0B      	DECFSZ      R11, 1, 0
0x0452	0xD7FA      	BRA         L_main16
0x0454	0x0000      	NOP
;Clock18.c,65 :: 		if(PORTC.F0==1){
0x0456	0xA082      	BTFSS       PORTC, 0 
0x0458	0xD005      	BRA         L_main17
;Clock18.c,66 :: 		set_state++;
0x045A	0x2A17      	INCF        _set_state, 1 
;Clock18.c,67 :: 		if(set_state>=4) set_state = 0;
0x045C	0x0E04      	MOVLW       4
0x045E	0x5C17      	SUBWF       _set_state, 0 
0x0460	0xB0D8      	BTFSC       STATUS, 0 
0x0462	0x6A17      	CLRF        _set_state 
L_main18:
;Clock18.c,68 :: 		}
L_main17:
;Clock18.c,69 :: 		}
L_main15:
;Clock18.c,70 :: 		if(set_state){
0x0464	0x5217      	MOVF        _set_state, 1 
0x0466	0xE01F      	BZ          L_main19
;Clock18.c,71 :: 		if(PORTC.F1==1){
0x0468	0xA282      	BTFSS       PORTC, 1 
0x046A	0xD002      	BRA         L_main20
;Clock18.c,72 :: 		set = 1;
0x046C	0x0E01      	MOVLW       1
0x046E	0x6E5A      	MOVWF       _set 
;Clock18.c,73 :: 		}
L_main20:
;Clock18.c,74 :: 		if(set_state && set){
0x0470	0x5217      	MOVF        _set_state, 1 
0x0472	0xE019      	BZ          L_main23
0x0474	0x525A      	MOVF        _set, 1 
0x0476	0xE017      	BZ          L_main23
L__main35:
;Clock18.c,75 :: 		switch(set_state){
0x0478	0xD00D      	BRA         L_main24
;Clock18.c,76 :: 		case 1:
L_main26:
;Clock18.c,77 :: 		hour = hour + set;          // Increase hour value
0x047A	0x505A      	MOVF        _set, 0 
0x047C	0x2642      	ADDWF       _hour, 1 
0x047E	0x0E00      	MOVLW       0
0x0480	0x2243      	ADDWFC      _hour+1, 1 
;Clock18.c,78 :: 		break;
0x0482	0xD011      	BRA         L_main25
;Clock18.c,79 :: 		case 2:
L_main27:
;Clock18.c,80 :: 		minute = minute + set;         // Increase minute value
0x0484	0x505A      	MOVF        _set, 0 
0x0486	0x2615      	ADDWF       _minute, 1 
0x0488	0x0E00      	MOVLW       0
0x048A	0x2216      	ADDWFC      _minute+1, 1 
;Clock18.c,81 :: 		break;
0x048C	0xD00C      	BRA         L_main25
;Clock18.c,82 :: 		case 3:
L_main28:
;Clock18.c,83 :: 		second = 0;                     // clear second value
0x048E	0x6A18      	CLRF        _second 
0x0490	0x6A19      	CLRF        _second+1 
;Clock18.c,84 :: 		break;
0x0492	0xD009      	BRA         L_main25
;Clock18.c,86 :: 		}
L_main24:
0x0494	0x5017      	MOVF        _set_state, 0 
0x0496	0x0A01      	XORLW       1
0x0498	0xE0F0      	BZ          L_main26
0x049A	0x5017      	MOVF        _set_state, 0 
0x049C	0x0A02      	XORLW       2
0x049E	0xE0F2      	BZ          L_main27
0x04A0	0x5017      	MOVF        _set_state, 0 
0x04A2	0x0A03      	XORLW       3
0x04A4	0xE0F4      	BZ          L_main28
L_main25:
;Clock18.c,87 :: 		}
L_main23:
;Clock18.c,88 :: 		}
L_main19:
;Clock18.c,91 :: 		second++;
0x04A6	0x4A18      	INFSNZ      _second, 1 
0x04A8	0x2A19      	INCF        _second+1, 1 
;Clock18.c,92 :: 		if(second>=60){
0x04AA	0x0E80      	MOVLW       128
0x04AC	0x1819      	XORWF       _second+1, 0 
0x04AE	0x6E00      	MOVWF       R0 
0x04B0	0x0E80      	MOVLW       128
0x04B2	0x5C00      	SUBWF       R0, 0 
0x04B4	0xE102      	BNZ         L__main48
0x04B6	0x0E3C      	MOVLW       60
0x04B8	0x5C18      	SUBWF       _second, 0 
L__main48:
0x04BA	0xE304      	BNC         L_main29
;Clock18.c,93 :: 		minute++;
0x04BC	0x4A15      	INFSNZ      _minute, 1 
0x04BE	0x2A16      	INCF        _minute+1, 1 
;Clock18.c,94 :: 		second = 0;
0x04C0	0x6A18      	CLRF        _second 
0x04C2	0x6A19      	CLRF        _second+1 
;Clock18.c,95 :: 		}
L_main29:
;Clock18.c,96 :: 		if(minute>=60){
0x04C4	0x0E80      	MOVLW       128
0x04C6	0x1816      	XORWF       _minute+1, 0 
0x04C8	0x6E00      	MOVWF       R0 
0x04CA	0x0E80      	MOVLW       128
0x04CC	0x5C00      	SUBWF       R0, 0 
0x04CE	0xE102      	BNZ         L__main49
0x04D0	0x0E3C      	MOVLW       60
0x04D2	0x5C15      	SUBWF       _minute, 0 
L__main49:
0x04D4	0xE304      	BNC         L_main30
;Clock18.c,97 :: 		hour++;            // Increase the hour value
0x04D6	0x4A42      	INFSNZ      _hour, 1 
0x04D8	0x2A43      	INCF        _hour+1, 1 
;Clock18.c,98 :: 		minute = 0;        // Clear minute
0x04DA	0x6A15      	CLRF        _minute 
0x04DC	0x6A16      	CLRF        _minute+1 
;Clock18.c,99 :: 		}
L_main30:
;Clock18.c,100 :: 		if(hour>=13) {
0x04DE	0x0E80      	MOVLW       128
0x04E0	0x1843      	XORWF       _hour+1, 0 
0x04E2	0x6E00      	MOVWF       R0 
0x04E4	0x0E80      	MOVLW       128
0x04E6	0x5C00      	SUBWF       R0, 0 
0x04E8	0xE102      	BNZ         L__main50
0x04EA	0x0E0D      	MOVLW       13
0x04EC	0x5C42      	SUBWF       _hour, 0 
L__main50:
0x04EE	0xE306      	BNC         L_main31
;Clock18.c,101 :: 		hour = 1;        // Reset hour
0x04F0	0x0E01      	MOVLW       1
0x04F2	0x6E42      	MOVWF       _hour 
0x04F4	0x0E00      	MOVLW       0
0x04F6	0x6E43      	MOVWF       _hour+1 
;Clock18.c,102 :: 		i = ~i;
0x04F8	0x1E1A      	COMF        _i, 1 
0x04FA	0x1E1B      	COMF        _i+1, 1 
;Clock18.c,103 :: 		}
L_main31:
;Clock18.c,104 :: 		time[0] =text(hour / 10);        // Left digit of hour
0x04FC	0xF05CC058  	MOVFF       _time, FLOC__main
0x0500	0xF05DC059  	MOVFF       _time+1, FLOC__main+1
0x0504	0x0E0A      	MOVLW       10
0x0506	0x6E04      	MOVWF       R4 
0x0508	0x0E00      	MOVLW       0
0x050A	0x6E05      	MOVWF       R5 
0x050C	0xF000C042  	MOVFF       _hour, R0
0x0510	0xF001C043  	MOVFF       _hour+1, R1
0x0514	0xDE96      	RCALL       _Div_16x16_S
0x0516	0xF05EC000  	MOVFF       R0, FARG_text_a
0x051A	0xF05FC001  	MOVFF       R1, FARG_text_a+1
0x051E	0xDEF4      	RCALL       _text
0x0520	0xFFE1C05C  	MOVFF       FLOC__main, FSR1L
0x0524	0xFFE2C05D  	MOVFF       FLOC__main+1, FSR1H
0x0528	0xFFE6C000  	MOVFF       R0, POSTINC1
;Clock18.c,105 :: 		time[1] =text(hour % 10);          // Right digit of hour
0x052C	0x0E01      	MOVLW       1
0x052E	0x2458      	ADDWF       _time, 0 
0x0530	0x6E5C      	MOVWF       FLOC__main 
0x0532	0x0E00      	MOVLW       0
0x0534	0x2059      	ADDWFC      _time+1, 0 
0x0536	0x6E5D      	MOVWF       FLOC__main+1 
0x0538	0x0E0A      	MOVLW       10
0x053A	0x6E04      	MOVWF       R4 
0x053C	0x0E00      	MOVLW       0
0x053E	0x6E05      	MOVWF       R5 
0x0540	0xF000C042  	MOVFF       _hour, R0
0x0544	0xF001C043  	MOVFF       _hour+1, R1
0x0548	0xDE7C      	RCALL       _Div_16x16_S
0x054A	0xF000C008  	MOVFF       R8, R0
0x054E	0xF001C009  	MOVFF       R9, R1
0x0552	0xF05EC000  	MOVFF       R0, FARG_text_a
0x0556	0xF05FC001  	MOVFF       R1, FARG_text_a+1
0x055A	0xDED6      	RCALL       _text
0x055C	0xFFE1C05C  	MOVFF       FLOC__main, FSR1L
0x0560	0xFFE2C05D  	MOVFF       FLOC__main+1, FSR1H
0x0564	0xFFE6C000  	MOVFF       R0, POSTINC1
;Clock18.c,107 :: 		time[3] = text(minute / 10);        // Left digit of minute
0x0568	0x0E03      	MOVLW       3
0x056A	0x2458      	ADDWF       _time, 0 
0x056C	0x6E5C      	MOVWF       FLOC__main 
0x056E	0x0E00      	MOVLW       0
0x0570	0x2059      	ADDWFC      _time+1, 0 
0x0572	0x6E5D      	MOVWF       FLOC__main+1 
0x0574	0x0E0A      	MOVLW       10
0x0576	0x6E04      	MOVWF       R4 
0x0578	0x0E00      	MOVLW       0
0x057A	0x6E05      	MOVWF       R5 
0x057C	0xF000C015  	MOVFF       _minute, R0
0x0580	0xF001C016  	MOVFF       _minute+1, R1
0x0584	0xDE5E      	RCALL       _Div_16x16_S
0x0586	0xF05EC000  	MOVFF       R0, FARG_text_a
0x058A	0xF05FC001  	MOVFF       R1, FARG_text_a+1
0x058E	0xDEBC      	RCALL       _text
0x0590	0xFFE1C05C  	MOVFF       FLOC__main, FSR1L
0x0594	0xFFE2C05D  	MOVFF       FLOC__main+1, FSR1H
0x0598	0xFFE6C000  	MOVFF       R0, POSTINC1
;Clock18.c,109 :: 		time[4] = text(minute % 10 );       // Right digit of minute
0x059C	0x0E04      	MOVLW       4
0x059E	0x2458      	ADDWF       _time, 0 
0x05A0	0x6E5C      	MOVWF       FLOC__main 
0x05A2	0x0E00      	MOVLW       0
0x05A4	0x2059      	ADDWFC      _time+1, 0 
0x05A6	0x6E5D      	MOVWF       FLOC__main+1 
0x05A8	0x0E0A      	MOVLW       10
0x05AA	0x6E04      	MOVWF       R4 
0x05AC	0x0E00      	MOVLW       0
0x05AE	0x6E05      	MOVWF       R5 
0x05B0	0xF000C015  	MOVFF       _minute, R0
0x05B4	0xF001C016  	MOVFF       _minute+1, R1
0x05B8	0xDE44      	RCALL       _Div_16x16_S
0x05BA	0xF000C008  	MOVFF       R8, R0
0x05BE	0xF001C009  	MOVFF       R9, R1
0x05C2	0xF05EC000  	MOVFF       R0, FARG_text_a
0x05C6	0xF05FC001  	MOVFF       R1, FARG_text_a+1
0x05CA	0xDE9E      	RCALL       _text
0x05CC	0xFFE1C05C  	MOVFF       FLOC__main, FSR1L
0x05D0	0xFFE2C05D  	MOVFF       FLOC__main+1, FSR1H
0x05D4	0xFFE6C000  	MOVFF       R0, POSTINC1
;Clock18.c,110 :: 		time[6] = text(second / 10);        // Left digit of second
0x05D8	0x0E06      	MOVLW       6
0x05DA	0x2458      	ADDWF       _time, 0 
0x05DC	0x6E5C      	MOVWF       FLOC__main 
0x05DE	0x0E00      	MOVLW       0
0x05E0	0x2059      	ADDWFC      _time+1, 0 
0x05E2	0x6E5D      	MOVWF       FLOC__main+1 
0x05E4	0x0E0A      	MOVLW       10
0x05E6	0x6E04      	MOVWF       R4 
0x05E8	0x0E00      	MOVLW       0
0x05EA	0x6E05      	MOVWF       R5 
0x05EC	0xF000C018  	MOVFF       _second, R0
0x05F0	0xF001C019  	MOVFF       _second+1, R1
0x05F4	0xDE26      	RCALL       _Div_16x16_S
0x05F6	0xF05EC000  	MOVFF       R0, FARG_text_a
0x05FA	0xF05FC001  	MOVFF       R1, FARG_text_a+1
0x05FE	0xDE84      	RCALL       _text
0x0600	0xFFE1C05C  	MOVFF       FLOC__main, FSR1L
0x0604	0xFFE2C05D  	MOVFF       FLOC__main+1, FSR1H
0x0608	0xFFE6C000  	MOVFF       R0, POSTINC1
;Clock18.c,111 :: 		time[7] = text(second % 10);         // Right digit of second
0x060C	0x0E07      	MOVLW       7
0x060E	0x2458      	ADDWF       _time, 0 
0x0610	0x6E5C      	MOVWF       FLOC__main 
0x0612	0x0E00      	MOVLW       0
0x0614	0x2059      	ADDWFC      _time+1, 0 
0x0616	0x6E5D      	MOVWF       FLOC__main+1 
0x0618	0x0E0A      	MOVLW       10
0x061A	0x6E04      	MOVWF       R4 
0x061C	0x0E00      	MOVLW       0
0x061E	0x6E05      	MOVWF       R5 
0x0620	0xF000C018  	MOVFF       _second, R0
0x0624	0xF001C019  	MOVFF       _second+1, R1
0x0628	0xDE0C      	RCALL       _Div_16x16_S
0x062A	0xF000C008  	MOVFF       R8, R0
0x062E	0xF001C009  	MOVFF       R9, R1
0x0632	0xF05EC000  	MOVFF       R0, FARG_text_a
0x0636	0xF05FC001  	MOVFF       R1, FARG_text_a+1
0x063A	0xDE66      	RCALL       _text
0x063C	0xFFE1C05C  	MOVFF       FLOC__main, FSR1L
0x0640	0xFFE2C05D  	MOVFF       FLOC__main+1, FSR1H
0x0644	0xFFE6C000  	MOVFF       R0, POSTINC1
;Clock18.c,112 :: 		Lcd_Out(2,4,time);
0x0648	0x0E02      	MOVLW       2
0x064A	0x6E5E      	MOVWF       FARG_Lcd_Out_row 
0x064C	0x0E04      	MOVLW       4
0x064E	0x6E5F      	MOVWF       FARG_Lcd_Out_column 
0x0650	0xF060C058  	MOVFF       _time, FARG_Lcd_Out_text
0x0654	0xF061C059  	MOVFF       _time+1, FARG_Lcd_Out_text+1
0x0658	0xDDB7      	RCALL       _Lcd_Out
;Clock18.c,113 :: 		if(i==0)Lcd_Out(2,14,"AM");
0x065A	0x0E00      	MOVLW       0
0x065C	0x181B      	XORWF       _i+1, 0 
0x065E	0xE102      	BNZ         L__main51
0x0660	0x0E00      	MOVLW       0
0x0662	0x181A      	XORWF       _i, 0 
L__main51:
0x0664	0xE109      	BNZ         L_main32
0x0666	0x0E02      	MOVLW       2
0x0668	0x6E5E      	MOVWF       FARG_Lcd_Out_row 
0x066A	0x0E0E      	MOVLW       14
0x066C	0x6E5F      	MOVWF       FARG_Lcd_Out_column 
0x066E	0x0E55      	MOVLW       ?lstr5_Clock18
0x0670	0x6E60      	MOVWF       FARG_Lcd_Out_text 
0x0672	0x0E00      	MOVLW       hi_addr(?lstr5_Clock18)
0x0674	0x6E61      	MOVWF       FARG_Lcd_Out_text+1 
0x0676	0xDDA8      	RCALL       _Lcd_Out
L_main32:
;Clock18.c,114 :: 		if(i)Lcd_Out(2,14,"PM");                  // show time value
0x0678	0x501A      	MOVF        _i, 0 
0x067A	0x101B      	IORWF       _i+1, 0 
0x067C	0xE009      	BZ          L_main33
0x067E	0x0E02      	MOVLW       2
0x0680	0x6E5E      	MOVWF       FARG_Lcd_Out_row 
0x0682	0x0E0E      	MOVLW       14
0x0684	0x6E5F      	MOVWF       FARG_Lcd_Out_column 
0x0686	0x0E52      	MOVLW       ?lstr6_Clock18
0x0688	0x6E60      	MOVWF       FARG_Lcd_Out_text 
0x068A	0x0E00      	MOVLW       hi_addr(?lstr6_Clock18)
0x068C	0x6E61      	MOVWF       FARG_Lcd_Out_text+1 
0x068E	0xDD9C      	RCALL       _Lcd_Out
L_main33:
;Clock18.c,115 :: 		delay_ms(1000);          // 1s delay
0x0690	0x0E0B      	MOVLW       11
0x0692	0x6E0B      	MOVWF       R11, 0
0x0694	0x0E26      	MOVLW       38
0x0696	0x6E0C      	MOVWF       R12, 0
0x0698	0x0E5D      	MOVLW       93
0x069A	0x6E0D      	MOVWF       R13, 0
L_main34:
0x069C	0x2E0D      	DECFSZ      R13, 1, 0
0x069E	0xD7FE      	BRA         L_main34
0x06A0	0x2E0C      	DECFSZ      R12, 1, 0
0x06A2	0xD7FC      	BRA         L_main34
0x06A4	0x2E0B      	DECFSZ      R11, 1, 0
0x06A6	0xD7FA      	BRA         L_main34
0x06A8	0x0000      	NOP
0x06AA	0x0000      	NOP
;Clock18.c,116 :: 		}}
0x06AC	0xD6C4      	BRA         L_main13
L_end_main:
0x06AE	0xD7FF      	BRA         $+0
; end of _main
0x06F6	0xF015EE10  	LFSR        1, 21
0x06FA	0x0E45      	MOVLW       69
0x06FC	0x6E00      	MOVWF       R0 
0x06FE	0x0E01      	MOVLW       1
0x0700	0x6E01      	MOVWF       R1 
0x0702	0x0EB0      	MOVLW       176
0x0704	0x6EF6      	MOVWF       4086 
0x0706	0x0E06      	MOVLW       6
0x0708	0x6EF7      	MOVWF       TBLPTRH 
0x070A	0x0E00      	MOVLW       0
0x070C	0x6EF8      	MOVWF       TBLPTRU 
0x070E	0xF000ECDC  	CALL        440, 0
0x0712	0x0012      	RETURN      0
;Clock18.c,0 :: ?ICS_minute
0x06B0	0x0000 ;?ICS_minute+0
; end of ?ICS_minute
;Clock18.c,0 :: ?ICS_set_state
0x06B2	0x00 ;?ICS_set_state+0
; end of ?ICS_set_state
;Clock18.c,0 :: ?ICS_second
0x06B3	0x0000 ;?ICS_second+0
; end of ?ICS_second
;Clock18.c,0 :: ?ICS_i
0x06B5	0x0000 ;?ICS_i+0
; end of ?ICS_i
;Clock18.c,0 :: ?ICS?lstr1_Clock18
0x06B7	0x3030 ;?ICS?lstr1_Clock18+0
0x06B9	0x303A ;?ICS?lstr1_Clock18+2
0x06BB	0x3A30 ;?ICS?lstr1_Clock18+4
0x06BD	0x3030 ;?ICS?lstr1_Clock18+6
0x06BF	0x00 ;?ICS?lstr1_Clock18+8
; end of ?ICS?lstr1_Clock18
;Clock18.c,0 :: ?ICS?lstr2_Clock18
0x06C0	0x6544 ;?ICS?lstr2_Clock18+0
0x06C2	0x6576 ;?ICS?lstr2_Clock18+2
0x06C4	0x6F6C ;?ICS?lstr2_Clock18+4
0x06C6	0x6570 ;?ICS?lstr2_Clock18+6
0x06C8	0x2064 ;?ICS?lstr2_Clock18+8
0x06CA	0x7942 ;?ICS?lstr2_Clock18+10
0x06CC	0x00 ;?ICS?lstr2_Clock18+12
; end of ?ICS?lstr2_Clock18
;Clock18.c,0 :: ?ICS?lstr3_Clock18
0x06CD	0x494D ;?ICS?lstr3_Clock18+0
0x06CF	0x414E ;?ICS?lstr3_Clock18+2
0x06D1	0x5420 ;?ICS?lstr3_Clock18+4
0x06D3	0x4345 ;?ICS?lstr3_Clock18+6
0x06D5	0x4E48 ;?ICS?lstr3_Clock18+8
0x06D7	0x4C4F ;?ICS?lstr3_Clock18+10
0x06D9	0x474F ;?ICS?lstr3_Clock18+12
0x06DB	0x0059 ;?ICS?lstr3_Clock18+14
; end of ?ICS?lstr3_Clock18
;Clock18.c,0 :: ?ICS_hour
0x06DD	0x0000 ;?ICS_hour+0
; end of ?ICS_hour
;Clock18.c,0 :: ?ICS?lstr4_Clock18
0x06DF	0x6944 ;?ICS?lstr4_Clock18+0
0x06E1	0x6967 ;?ICS?lstr4_Clock18+2
0x06E3	0x6174 ;?ICS?lstr4_Clock18+4
0x06E5	0x206C ;?ICS?lstr4_Clock18+6
0x06E7	0x6C43 ;?ICS?lstr4_Clock18+8
0x06E9	0x636F ;?ICS?lstr4_Clock18+10
0x06EB	0x006B ;?ICS?lstr4_Clock18+12
; end of ?ICS?lstr4_Clock18
;Clock18.c,0 :: ?ICS?lstr6_Clock18
0x06ED	0x4D50 ;?ICS?lstr6_Clock18+0
0x06EF	0x00 ;?ICS?lstr6_Clock18+2
; end of ?ICS?lstr6_Clock18
;Clock18.c,0 :: ?ICS?lstr5_Clock18
0x06F0	0x4D41 ;?ICS?lstr5_Clock18+0
0x06F2	0x00 ;?ICS?lstr5_Clock18+2
; end of ?ICS?lstr5_Clock18
;Clock18.c,0 :: ?ICS_time
0x06F3	0x001C ;?ICS_time+0
; end of ?ICS_time
Symbol List:
//** Routines locations **
//ADDRESS    SIZE    PROCEDURE
//----------------------------------------------
0x001C      [22]    _Delay_5500us
0x0032      [10]    _Delay_50us
0x003C       [6]    _Delay_1us
0x0042     [124]    _Lcd_Cmd
0x00BE      [88]    _Div_16x16_S_L
0x0116      [12]    _Lcd_Chr_CP
0x0122     [150]    _Lcd_Init
0x01B8      [16]    ___CC2DW
0x01C8     [122]    _Lcd_Out
0x0242     [198]    _Div_16x16_S
0x0308     [184]    _text
0x03C0     [752]    _main
//** Variables locations ** 
//ADDRESS    SIZE    VARIABLE
//----------------------------------------------
0x0000       [1]    R0
0x0001       [1]    R1
0x0002       [1]    R2
0x0003       [1]    R3
0x0004       [1]    R4
0x0005       [1]    R5
0x0006       [1]    R6
0x0007       [1]    R7
0x0008       [1]    R8
0x0009       [1]    R9
0x000A       [1]    R10
0x000B       [1]    R11
0x000C       [1]    R12
0x000D       [1]    R13
0x000E       [1]    R14
0x000F       [1]    R15
0x0010       [1]    R16
0x0011       [1]    R17
0x0012       [1]    R18
0x0013       [1]    R19
0x0014       [1]    R20
0x0015       [2]    _minute
0x0017       [1]    _set_state
0x0018       [2]    _second
0x001A       [2]    _i
0x001C       [9]    ?lstr1_Clock18
0x0025      [13]    ?lstr2_Clock18
0x0032      [16]    ?lstr3_Clock18
0x0042       [2]    _hour
0x0044      [14]    ?lstr4_Clock18
0x0052       [3]    ?lstr6_Clock18
0x0055       [3]    ?lstr5_Clock18
0x0058       [2]    _time
0x005A       [1]    _set
0x005B       [0]    __Lib_Lcd_cmd_status
0x005C       [2]    FLOC__main
0x005E       [2]    FARG_text_a
0x005E       [1]    FARG_Lcd_Out_row
0x005F       [1]    FARG_Lcd_Out_column
0x0060       [2]    FARG_Lcd_Out_text
0x0062       [1]    Lcd_Out_i_L0
0x0063       [1]    FARG_Lcd_Chr_CP_out_char
0x0064       [1]    FARG_Lcd_Cmd_out_char
0x0F81       [0]    RB1_bit
0x0F81       [0]    RB4_bit
0x0F81       [0]    RB2_bit
0x0F81       [0]    RB0_bit
0x0F81       [0]    LCD_EN
0x0F81       [0]    LCD_D4
0x0F81       [0]    LCD_D5
0x0F81       [0]    LCD_RS
0x0F81       [0]    LCD_D7
0x0F81       [0]    RB3_bit
0x0F81       [0]    RB5_bit
0x0F81       [0]    LCD_D6
0x0F82       [1]    PORTC
0x0F93       [0]    TRISB5_bit
0x0F93       [0]    TRISB4_bit
0x0F93       [0]    LCD_RS_Direction
0x0F93       [0]    LCD_D4_Direction
0x0F93       [0]    LCD_EN_Direction
0x0F93       [0]    LCD_D7_Direction
0x0F93       [0]    LCD_D6_Direction
0x0F93       [0]    LCD_D5_Direction
0x0F93       [0]    TRISB0_bit
0x0F93       [0]    TRISB2_bit
0x0F93       [0]    TRISB1_bit
0x0F93       [0]    TRISB3_bit
0x0F94       [1]    TRISC
0x0FD8       [1]    STATUS
0x0FD9       [1]    FSR2L
0x0FDA       [1]    FSR2H
0x0FDE       [1]    POSTINC2
0x0FE0       [1]    BSR
0x0FE1       [1]    FSR1L
0x0FE2       [1]    FSR1H
0x0FE4       [1]    PREINC1
0x0FE6       [1]    POSTINC1
0x0FE7       [1]    INDF1
0x0FE8       [1]    WREG
0x0FE9       [1]    FSR0L
0x0FEA       [1]    FSR0H
0x0FEE       [1]    POSTINC0
0x0FF3       [1]    PRODL
0x0FF4       [1]    PRODH
0x0FF5       [1]    TABLAT
0x0FF6       [1]    TBLPTRL
0x0FF7       [1]    TBLPTRH
0x0FF8       [1]    TBLPTRU
//** Constants locations ** 
//ADDRESS    SIZE    CONSTANT
//----------------------------------------------
0x06B0       [2]    ?ICS_minute
0x06B2       [1]    ?ICS_set_state
0x06B3       [2]    ?ICS_second
0x06B5       [2]    ?ICS_i
0x06B7       [9]    ?ICS?lstr1_Clock18
0x06C0      [13]    ?ICS?lstr2_Clock18
0x06CD      [16]    ?ICS?lstr3_Clock18
0x06DD       [2]    ?ICS_hour
0x06DF      [14]    ?ICS?lstr4_Clock18
0x06ED       [3]    ?ICS?lstr6_Clock18
0x06F0       [3]    ?ICS?lstr5_Clock18
0x06F3       [2]    ?ICS_time
