;  LST file generated by mikroListExporter - v.2.0 
; Date/Time: 12/7/2022 8:56:59 PM
;----------------------------------------------

;Address Opcode 	ASM
0x0000	0x2A0F      	GOTO       527
_Delay_1us:
;__Lib_Delays.c,7 :: 		void Delay_1us() {
;__Lib_Delays.c,8 :: 		Delay_us(1);
0x0003	0x0000      	NOP
0x0004	0x0000      	NOP
0x0005	0x0000      	NOP
0x0006	0x0000      	NOP
0x0007	0x0000      	NOP
;__Lib_Delays.c,9 :: 		}
L_end_Delay_1us:
0x0008	0x0008      	RETURN
; end of _Delay_1us
_Delay_50us:
;__Lib_Delays.c,19 :: 		void Delay_50us() {
;__Lib_Delays.c,20 :: 		Delay_us(50);
0x0009	0x3053      	MOVLW      83
0x000A	0x1283      	BCF        STATUS, 5
0x000B	0x1303      	BCF        STATUS, 6
0x000C	0x00FD      	MOVWF      R13
L_Delay_50us2:
0x000D	0x0BFD      	DECFSZ     R13, 1
0x000E	0x280D      	GOTO       L_Delay_50us2
;__Lib_Delays.c,21 :: 		}
L_end_Delay_50us:
0x000F	0x0008      	RETURN
; end of _Delay_50us
_Delay_5500us:
;__Lib_Delays.c,31 :: 		void Delay_5500us() {
;__Lib_Delays.c,32 :: 		Delay_us(5500);
0x0010	0x3024      	MOVLW      36
0x0011	0x1283      	BCF        STATUS, 5
0x0012	0x1303      	BCF        STATUS, 6
0x0013	0x00FC      	MOVWF      R12
0x0014	0x30B5      	MOVLW      181
0x0015	0x00FD      	MOVWF      R13
L_Delay_5500us5:
0x0016	0x0BFD      	DECFSZ     R13, 1
0x0017	0x2816      	GOTO       L_Delay_5500us5
0x0018	0x0BFC      	DECFSZ     R12, 1
0x0019	0x2816      	GOTO       L_Delay_5500us5
0x001A	0x0000      	NOP
0x001B	0x0000      	NOP
;__Lib_Delays.c,33 :: 		}
L_end_Delay_5500us:
0x001C	0x0008      	RETURN
; end of _Delay_5500us
_Lcd_Cmd:
;__Lib_Lcd.c,18 :: 		
;__Lib_Lcd.c,20 :: 		
0x001D	0x1283      	BCF        STATUS, 5
0x001E	0x1303      	BCF        STATUS, 6
0x001F	0x1BEE      	BTFSC      FARG_Lcd_Cmd_out_char, 7
0x0020	0x2823      	GOTO       L__Lcd_Cmd21
0x0021	0x1286      	BCF        LCD_D7, BitPos(LCD_D7+0)
0x0022	0x2824      	GOTO       L__Lcd_Cmd22
L__Lcd_Cmd21:
0x0023	0x1686      	BSF        LCD_D7, BitPos(LCD_D7+0)
L__Lcd_Cmd22:
;__Lib_Lcd.c,21 :: 		
0x0024	0x1B6E      	BTFSC      FARG_Lcd_Cmd_out_char, 6
0x0025	0x2828      	GOTO       L__Lcd_Cmd23
0x0026	0x1206      	BCF        LCD_D6, BitPos(LCD_D6+0)
0x0027	0x2829      	GOTO       L__Lcd_Cmd24
L__Lcd_Cmd23:
0x0028	0x1606      	BSF        LCD_D6, BitPos(LCD_D6+0)
L__Lcd_Cmd24:
;__Lib_Lcd.c,22 :: 		
0x0029	0x1AEE      	BTFSC      FARG_Lcd_Cmd_out_char, 5
0x002A	0x282D      	GOTO       L__Lcd_Cmd25
0x002B	0x1186      	BCF        LCD_D5, BitPos(LCD_D5+0)
0x002C	0x282E      	GOTO       L__Lcd_Cmd26
L__Lcd_Cmd25:
0x002D	0x1586      	BSF        LCD_D5, BitPos(LCD_D5+0)
L__Lcd_Cmd26:
;__Lib_Lcd.c,23 :: 		
0x002E	0x1A6E      	BTFSC      FARG_Lcd_Cmd_out_char, 4
0x002F	0x2832      	GOTO       L__Lcd_Cmd27
0x0030	0x1106      	BCF        LCD_D4, BitPos(LCD_D4+0)
0x0031	0x2833      	GOTO       L__Lcd_Cmd28
L__Lcd_Cmd27:
0x0032	0x1506      	BSF        LCD_D4, BitPos(LCD_D4+0)
L__Lcd_Cmd28:
;__Lib_Lcd.c,25 :: 		
0x0033	0x1866      	BTFSC      __Lib_Lcd_cmd_status, BitPos(__Lib_Lcd_cmd_status+0)
0x0034	0x2837      	GOTO       L__Lcd_Cmd29
0x0035	0x1406      	BSF        LCD_RS, BitPos(LCD_RS+0)
0x0036	0x2838      	GOTO       L__Lcd_Cmd30
L__Lcd_Cmd29:
0x0037	0x1006      	BCF        LCD_RS, BitPos(LCD_RS+0)
L__Lcd_Cmd30:
;__Lib_Lcd.c,28 :: 		
0x0038	0x1486      	BSF        LCD_EN, BitPos(LCD_EN+0)
;__Lib_Lcd.c,29 :: 		
0x0039	0x2003      	CALL       _Delay_1us
;__Lib_Lcd.c,30 :: 		
0x003A	0x1086      	BCF        LCD_EN, BitPos(LCD_EN+0)
;__Lib_Lcd.c,33 :: 		
0x003B	0x19EE      	BTFSC      FARG_Lcd_Cmd_out_char, 3
0x003C	0x283F      	GOTO       L__Lcd_Cmd31
0x003D	0x1286      	BCF        LCD_D7, BitPos(LCD_D7+0)
0x003E	0x2840      	GOTO       L__Lcd_Cmd32
L__Lcd_Cmd31:
0x003F	0x1686      	BSF        LCD_D7, BitPos(LCD_D7+0)
L__Lcd_Cmd32:
;__Lib_Lcd.c,34 :: 		
0x0040	0x196E      	BTFSC      FARG_Lcd_Cmd_out_char, 2
0x0041	0x2844      	GOTO       L__Lcd_Cmd33
0x0042	0x1206      	BCF        LCD_D6, BitPos(LCD_D6+0)
0x0043	0x2845      	GOTO       L__Lcd_Cmd34
L__Lcd_Cmd33:
0x0044	0x1606      	BSF        LCD_D6, BitPos(LCD_D6+0)
L__Lcd_Cmd34:
;__Lib_Lcd.c,35 :: 		
0x0045	0x18EE      	BTFSC      FARG_Lcd_Cmd_out_char, 1
0x0046	0x2849      	GOTO       L__Lcd_Cmd35
0x0047	0x1186      	BCF        LCD_D5, BitPos(LCD_D5+0)
0x0048	0x284A      	GOTO       L__Lcd_Cmd36
L__Lcd_Cmd35:
0x0049	0x1586      	BSF        LCD_D5, BitPos(LCD_D5+0)
L__Lcd_Cmd36:
;__Lib_Lcd.c,36 :: 		
0x004A	0x186E      	BTFSC      FARG_Lcd_Cmd_out_char, 0
0x004B	0x284E      	GOTO       L__Lcd_Cmd37
0x004C	0x1106      	BCF        LCD_D4, BitPos(LCD_D4+0)
0x004D	0x284F      	GOTO       L__Lcd_Cmd38
L__Lcd_Cmd37:
0x004E	0x1506      	BSF        LCD_D4, BitPos(LCD_D4+0)
L__Lcd_Cmd38:
;__Lib_Lcd.c,38 :: 		
0x004F	0x1866      	BTFSC      __Lib_Lcd_cmd_status, BitPos(__Lib_Lcd_cmd_status+0)
0x0050	0x2853      	GOTO       L__Lcd_Cmd39
0x0051	0x1406      	BSF        LCD_RS, BitPos(LCD_RS+0)
0x0052	0x2854      	GOTO       L__Lcd_Cmd40
L__Lcd_Cmd39:
0x0053	0x1006      	BCF        LCD_RS, BitPos(LCD_RS+0)
L__Lcd_Cmd40:
;__Lib_Lcd.c,40 :: 		
0x0054	0x1486      	BSF        LCD_EN, BitPos(LCD_EN+0)
;__Lib_Lcd.c,41 :: 		
0x0055	0x2003      	CALL       _Delay_1us
;__Lib_Lcd.c,42 :: 		
0x0056	0x1086      	BCF        LCD_EN, BitPos(LCD_EN+0)
;__Lib_Lcd.c,44 :: 		
0x0057	0x1C66      	BTFSS      __Lib_Lcd_cmd_status, BitPos(__Lib_Lcd_cmd_status+0)
0x0058	0x285B      	GOTO       L_Lcd_Cmd0
;__Lib_Lcd.c,45 :: 		
0x0059	0x2010      	CALL       _Delay_5500us
0x005A	0x285C      	GOTO       L_Lcd_Cmd1
L_Lcd_Cmd0:
;__Lib_Lcd.c,47 :: 		
0x005B	0x2009      	CALL       _Delay_50us
L_Lcd_Cmd1:
;__Lib_Lcd.c,48 :: 		
L_end_Lcd_Cmd:
0x005C	0x0008      	RETURN
; end of _Lcd_Cmd
_____DoICP:
;__Lib_System.c,6 :: 		
;__Lib_System.c,9 :: 		
0x005D	0x1283      	BCF        STATUS, 5
0x005E	0x1303      	BCF        STATUS, 6
0x005F	0x0865      	MOVF       ___DoICPAddr+1, 0
0x0060	0x008A      	MOVWF      PCLATH
;__Lib_System.c,10 :: 		
0x0061	0x0864      	MOVF       ___DoICPAddr, 0
0x0062	0x0082      	MOVWF      PCL
;__Lib_System.c,12 :: 		
L_end_____DoICP:
0x0063	0x0008      	RETURN
; end of _____DoICP
_Div_16x16_S_L:
;__Lib_Math.c,421 :: 		
;__Lib_Math.c,427 :: 		
0x0064	0x0D71      	RLF        R1, 0
;__Lib_Math.c,428 :: 		
0x0065	0x0DF8      	RLF        R8, 1
;__Lib_Math.c,429 :: 		
0x0066	0x0DF9      	RLF        R9, 1
;__Lib_Math.c,430 :: 		
0x0067	0x0874      	MOVF       R4, 0
;__Lib_Math.c,431 :: 		
0x0068	0x02F8      	SUBWF      R8, 1
;__Lib_Math.c,432 :: 		
0x0069	0x0875      	MOVF       R5, 0
;__Lib_Math.c,433 :: 		
0x006A	0x1C03      	BTFSS      STATUS, 0
;__Lib_Math.c,434 :: 		
0x006B	0x0F75      	INCFSZ     R5, 0
;__Lib_Math.c,435 :: 		
0x006C	0x02F9      	SUBWF      R9, 1
;__Lib_Math.c,436 :: 		
0x006D	0x0DF0      	RLF        R0, 1
;__Lib_Math.c,437 :: 		
0x006E	0x0DF1      	RLF        R1, 1
;__Lib_Math.c,439 :: 		
0x006F	0x300F      	MOVLW      15
;__Lib_Math.c,440 :: 		
0x0070	0x00FC      	MOVWF      R12
;__Lib_Math.c,442 :: 		
0x0071	0x0D71      	RLF        R1, 0
;__Lib_Math.c,443 :: 		
0x0072	0x0DF8      	RLF        R8, 1
;__Lib_Math.c,444 :: 		
0x0073	0x0DF9      	RLF        R9, 1
;__Lib_Math.c,445 :: 		
0x0074	0x0874      	MOVF       R4, 0
;__Lib_Math.c,447 :: 		
0x0075	0x1C70      	BTFSS      R0, 0
;__Lib_Math.c,448 :: 		
0x0076	0x287D      	GOTO       $+7
;__Lib_Math.c,449 :: 		
0x0077	0x02F8      	SUBWF      R8, 1
;__Lib_Math.c,450 :: 		
0x0078	0x0875      	MOVF       R5, 0
;__Lib_Math.c,451 :: 		
0x0079	0x1C03      	BTFSS      STATUS, 0
;__Lib_Math.c,452 :: 		
0x007A	0x0F75      	INCFSZ     R5, 0
;__Lib_Math.c,453 :: 		
0x007B	0x02F9      	SUBWF      R9, 1
;__Lib_Math.c,454 :: 		
0x007C	0x2882      	GOTO       $+6
;__Lib_Math.c,456 :: 		
0x007D	0x07F8      	ADDWF      R8, 1
;__Lib_Math.c,457 :: 		
0x007E	0x0875      	MOVF       R5, 0
;__Lib_Math.c,458 :: 		
0x007F	0x1803      	BTFSC      STATUS, 0
;__Lib_Math.c,459 :: 		
0x0080	0x0F75      	INCFSZ     R5, 0
;__Lib_Math.c,460 :: 		
0x0081	0x07F9      	ADDWF      R9, 1
;__Lib_Math.c,462 :: 		
0x0082	0x0DF0      	RLF        R0, 1
;__Lib_Math.c,463 :: 		
0x0083	0x0DF1      	RLF        R1, 1
;__Lib_Math.c,465 :: 		
0x0084	0x0BFC      	DECFSZ     R12, 1
;__Lib_Math.c,466 :: 		
0x0085	0x2871      	GOTO       $-20
;__Lib_Math.c,468 :: 		
0x0086	0x1870      	BTFSC      R0, 0
;__Lib_Math.c,469 :: 		
0x0087	0x288E      	GOTO       $+7
;__Lib_Math.c,470 :: 		
0x0088	0x0874      	MOVF       R4, 0
;__Lib_Math.c,471 :: 		
0x0089	0x07F8      	ADDWF      R8, 1
;__Lib_Math.c,472 :: 		
0x008A	0x0875      	MOVF       R5, 0
;__Lib_Math.c,473 :: 		
0x008B	0x1803      	BTFSC      STATUS, 0
;__Lib_Math.c,474 :: 		
0x008C	0x0F75      	INCFSZ     R5, 0
;__Lib_Math.c,475 :: 		
0x008D	0x07F9      	ADDWF      R9, 1
;__Lib_Math.c,476 :: 		
0x008E	0x0000      	NOP
;__Lib_Math.c,478 :: 		
L_end_Div_16x16_S_L:
0x008F	0x0008      	RETURN
; end of _Div_16x16_S_L
_Lcd_Chr_CP:
;__Lib_Lcd.c,50 :: 		
;__Lib_Lcd.c,52 :: 		
0x0090	0x1283      	BCF        STATUS, 5
0x0091	0x1303      	BCF        STATUS, 6
0x0092	0x1066      	BCF        __Lib_Lcd_cmd_status, BitPos(__Lib_Lcd_cmd_status+0)
;__Lib_Lcd.c,53 :: 		
0x0093	0x086D      	MOVF       FARG_Lcd_Chr_CP_out_char, 0
0x0094	0x00EE      	MOVWF      FARG_Lcd_Cmd_out_char
0x0095	0x201D      	CALL       _Lcd_Cmd
;__Lib_Lcd.c,54 :: 		
0x0096	0x1466      	BSF        __Lib_Lcd_cmd_status, BitPos(__Lib_Lcd_cmd_status+0)
;__Lib_Lcd.c,55 :: 		
L_end_Lcd_Chr_CP:
0x0097	0x0008      	RETURN
; end of _Lcd_Chr_CP
_text:
;Clock.c,16 :: 		char text(int a){
;Clock.c,17 :: 		switch(a){
0x0098	0x28B9      	GOTO       L_text0
;Clock.c,18 :: 		case 0:
L_text2:
;Clock.c,19 :: 		return '0';
0x0099	0x3030      	MOVLW      48
0x009A	0x1283      	BCF        STATUS, 5
0x009B	0x1303      	BCF        STATUS, 6
0x009C	0x00F0      	MOVWF      R0
0x009D	0x290B      	GOTO       L_end_text
;Clock.c,20 :: 		case 1:
L_text3:
;Clock.c,21 :: 		return '1';
0x009E	0x3031      	MOVLW      49
0x009F	0x00F0      	MOVWF      R0
0x00A0	0x290B      	GOTO       L_end_text
;Clock.c,22 :: 		case 2:
L_text4:
;Clock.c,23 :: 		return '2';
0x00A1	0x3032      	MOVLW      50
0x00A2	0x00F0      	MOVWF      R0
0x00A3	0x290B      	GOTO       L_end_text
;Clock.c,24 :: 		case 3:
L_text5:
;Clock.c,25 :: 		return '3';
0x00A4	0x3033      	MOVLW      51
0x00A5	0x00F0      	MOVWF      R0
0x00A6	0x290B      	GOTO       L_end_text
;Clock.c,26 :: 		case 4:
L_text6:
;Clock.c,27 :: 		return '4';
0x00A7	0x3034      	MOVLW      52
0x00A8	0x00F0      	MOVWF      R0
0x00A9	0x290B      	GOTO       L_end_text
;Clock.c,28 :: 		case 5:
L_text7:
;Clock.c,29 :: 		return '5';
0x00AA	0x3035      	MOVLW      53
0x00AB	0x00F0      	MOVWF      R0
0x00AC	0x290B      	GOTO       L_end_text
;Clock.c,30 :: 		case 6:
L_text8:
;Clock.c,31 :: 		return '6';
0x00AD	0x3036      	MOVLW      54
0x00AE	0x00F0      	MOVWF      R0
0x00AF	0x290B      	GOTO       L_end_text
;Clock.c,32 :: 		case 7:
L_text9:
;Clock.c,33 :: 		return '7';
0x00B0	0x3037      	MOVLW      55
0x00B1	0x00F0      	MOVWF      R0
0x00B2	0x290B      	GOTO       L_end_text
;Clock.c,34 :: 		case 8:
L_text10:
;Clock.c,35 :: 		return '8';
0x00B3	0x3038      	MOVLW      56
0x00B4	0x00F0      	MOVWF      R0
0x00B5	0x290B      	GOTO       L_end_text
;Clock.c,36 :: 		case 9:
L_text11:
;Clock.c,37 :: 		return '9';
0x00B6	0x3039      	MOVLW      57
0x00B7	0x00F0      	MOVWF      R0
0x00B8	0x290B      	GOTO       L_end_text
;Clock.c,38 :: 		}
L_text0:
0x00B9	0x1283      	BCF        STATUS, 5
0x00BA	0x1303      	BCF        STATUS, 6
0x00BB	0x3000      	MOVLW      0
0x00BC	0x066A      	XORWF      FARG_text_a+1, 0
0x00BD	0x1D03      	BTFSS      STATUS, 2
0x00BE	0x28C1      	GOTO       L__text37
0x00BF	0x3000      	MOVLW      0
0x00C0	0x0669      	XORWF      FARG_text_a, 0
L__text37:
0x00C1	0x1903      	BTFSC      STATUS, 2
0x00C2	0x2899      	GOTO       L_text2
0x00C3	0x3000      	MOVLW      0
0x00C4	0x066A      	XORWF      FARG_text_a+1, 0
0x00C5	0x1D03      	BTFSS      STATUS, 2
0x00C6	0x28C9      	GOTO       L__text38
0x00C7	0x3001      	MOVLW      1
0x00C8	0x0669      	XORWF      FARG_text_a, 0
L__text38:
0x00C9	0x1903      	BTFSC      STATUS, 2
0x00CA	0x289E      	GOTO       L_text3
0x00CB	0x3000      	MOVLW      0
0x00CC	0x066A      	XORWF      FARG_text_a+1, 0
0x00CD	0x1D03      	BTFSS      STATUS, 2
0x00CE	0x28D1      	GOTO       L__text39
0x00CF	0x3002      	MOVLW      2
0x00D0	0x0669      	XORWF      FARG_text_a, 0
L__text39:
0x00D1	0x1903      	BTFSC      STATUS, 2
0x00D2	0x28A1      	GOTO       L_text4
0x00D3	0x3000      	MOVLW      0
0x00D4	0x066A      	XORWF      FARG_text_a+1, 0
0x00D5	0x1D03      	BTFSS      STATUS, 2
0x00D6	0x28D9      	GOTO       L__text40
0x00D7	0x3003      	MOVLW      3
0x00D8	0x0669      	XORWF      FARG_text_a, 0
L__text40:
0x00D9	0x1903      	BTFSC      STATUS, 2
0x00DA	0x28A4      	GOTO       L_text5
0x00DB	0x3000      	MOVLW      0
0x00DC	0x066A      	XORWF      FARG_text_a+1, 0
0x00DD	0x1D03      	BTFSS      STATUS, 2
0x00DE	0x28E1      	GOTO       L__text41
0x00DF	0x3004      	MOVLW      4
0x00E0	0x0669      	XORWF      FARG_text_a, 0
L__text41:
0x00E1	0x1903      	BTFSC      STATUS, 2
0x00E2	0x28A7      	GOTO       L_text6
0x00E3	0x3000      	MOVLW      0
0x00E4	0x066A      	XORWF      FARG_text_a+1, 0
0x00E5	0x1D03      	BTFSS      STATUS, 2
0x00E6	0x28E9      	GOTO       L__text42
0x00E7	0x3005      	MOVLW      5
0x00E8	0x0669      	XORWF      FARG_text_a, 0
L__text42:
0x00E9	0x1903      	BTFSC      STATUS, 2
0x00EA	0x28AA      	GOTO       L_text7
0x00EB	0x3000      	MOVLW      0
0x00EC	0x066A      	XORWF      FARG_text_a+1, 0
0x00ED	0x1D03      	BTFSS      STATUS, 2
0x00EE	0x28F1      	GOTO       L__text43
0x00EF	0x3006      	MOVLW      6
0x00F0	0x0669      	XORWF      FARG_text_a, 0
L__text43:
0x00F1	0x1903      	BTFSC      STATUS, 2
0x00F2	0x28AD      	GOTO       L_text8
0x00F3	0x3000      	MOVLW      0
0x00F4	0x066A      	XORWF      FARG_text_a+1, 0
0x00F5	0x1D03      	BTFSS      STATUS, 2
0x00F6	0x28F9      	GOTO       L__text44
0x00F7	0x3007      	MOVLW      7
0x00F8	0x0669      	XORWF      FARG_text_a, 0
L__text44:
0x00F9	0x1903      	BTFSC      STATUS, 2
0x00FA	0x28B0      	GOTO       L_text9
0x00FB	0x3000      	MOVLW      0
0x00FC	0x066A      	XORWF      FARG_text_a+1, 0
0x00FD	0x1D03      	BTFSS      STATUS, 2
0x00FE	0x2901      	GOTO       L__text45
0x00FF	0x3008      	MOVLW      8
0x0100	0x0669      	XORWF      FARG_text_a, 0
L__text45:
0x0101	0x1903      	BTFSC      STATUS, 2
0x0102	0x28B3      	GOTO       L_text10
0x0103	0x3000      	MOVLW      0
0x0104	0x066A      	XORWF      FARG_text_a+1, 0
0x0105	0x1D03      	BTFSS      STATUS, 2
0x0106	0x2909      	GOTO       L__text46
0x0107	0x3009      	MOVLW      9
0x0108	0x0669      	XORWF      FARG_text_a, 0
L__text46:
0x0109	0x1903      	BTFSC      STATUS, 2
0x010A	0x28B6      	GOTO       L_text11
;Clock.c,39 :: 		}
L_end_text:
0x010B	0x0008      	RETURN
; end of _text
_Lcd_Out:
;__Lib_Lcd.c,184 :: 		
;__Lib_Lcd.c,187 :: 		
0x010C	0x291E      	GOTO       L_Lcd_Out11
;__Lib_Lcd.c,188 :: 		
L_Lcd_Out13:
0x010D	0x3080      	MOVLW      128
0x010E	0x1283      	BCF        STATUS, 5
0x010F	0x1303      	BCF        STATUS, 6
0x0110	0x00E9      	MOVWF      FARG_Lcd_Out_row
0x0111	0x2931      	GOTO       L_Lcd_Out12
;__Lib_Lcd.c,189 :: 		
L_Lcd_Out14:
0x0112	0x30C0      	MOVLW      192
0x0113	0x00E9      	MOVWF      FARG_Lcd_Out_row
0x0114	0x2931      	GOTO       L_Lcd_Out12
;__Lib_Lcd.c,190 :: 		
L_Lcd_Out15:
0x0115	0x3094      	MOVLW      148
0x0116	0x00E9      	MOVWF      FARG_Lcd_Out_row
0x0117	0x2931      	GOTO       L_Lcd_Out12
;__Lib_Lcd.c,191 :: 		
L_Lcd_Out16:
0x0118	0x30D4      	MOVLW      212
0x0119	0x00E9      	MOVWF      FARG_Lcd_Out_row
0x011A	0x2931      	GOTO       L_Lcd_Out12
;__Lib_Lcd.c,192 :: 		
L_Lcd_Out17:
0x011B	0x3080      	MOVLW      128
0x011C	0x00E9      	MOVWF      FARG_Lcd_Out_row
;__Lib_Lcd.c,193 :: 		
0x011D	0x2931      	GOTO       L_Lcd_Out12
L_Lcd_Out11:
0x011E	0x1283      	BCF        STATUS, 5
0x011F	0x1303      	BCF        STATUS, 6
0x0120	0x0869      	MOVF       FARG_Lcd_Out_row, 0
0x0121	0x3A01      	XORLW      1
0x0122	0x1903      	BTFSC      STATUS, 2
0x0123	0x290D      	GOTO       L_Lcd_Out13
0x0124	0x0869      	MOVF       FARG_Lcd_Out_row, 0
0x0125	0x3A02      	XORLW      2
0x0126	0x1903      	BTFSC      STATUS, 2
0x0127	0x2912      	GOTO       L_Lcd_Out14
0x0128	0x0869      	MOVF       FARG_Lcd_Out_row, 0
0x0129	0x3A03      	XORLW      3
0x012A	0x1903      	BTFSC      STATUS, 2
0x012B	0x2915      	GOTO       L_Lcd_Out15
0x012C	0x0869      	MOVF       FARG_Lcd_Out_row, 0
0x012D	0x3A04      	XORLW      4
0x012E	0x1903      	BTFSC      STATUS, 2
0x012F	0x2918      	GOTO       L_Lcd_Out16
0x0130	0x291B      	GOTO       L_Lcd_Out17
L_Lcd_Out12:
;__Lib_Lcd.c,194 :: 		
0x0131	0x036A      	DECF       FARG_Lcd_Out_column, 0
0x0132	0x00F0      	MOVWF      R0
0x0133	0x0869      	MOVF       FARG_Lcd_Out_row, 0
0x0134	0x07F0      	ADDWF      R0, 1
0x0135	0x0870      	MOVF       R0, 0
0x0136	0x00E9      	MOVWF      FARG_Lcd_Out_row
;__Lib_Lcd.c,196 :: 		
0x0137	0x0870      	MOVF       R0, 0
0x0138	0x00EE      	MOVWF      FARG_Lcd_Cmd_out_char
0x0139	0x201D      	CALL       _Lcd_Cmd
;__Lib_Lcd.c,197 :: 		
0x013A	0x1066      	BCF        __Lib_Lcd_cmd_status, BitPos(__Lib_Lcd_cmd_status+0)
;__Lib_Lcd.c,198 :: 		
0x013B	0x01EC      	CLRF       Lcd_Out_i_L0
;__Lib_Lcd.c,199 :: 		
L_Lcd_Out18:
0x013C	0x086C      	MOVF       Lcd_Out_i_L0, 0
0x013D	0x076B      	ADDWF      FARG_Lcd_Out_text, 0
0x013E	0x0084      	MOVWF      FSR
0x013F	0x0800      	MOVF       INDF, 0
0x0140	0x1903      	BTFSC      STATUS, 2
0x0141	0x294A      	GOTO       L_Lcd_Out19
;__Lib_Lcd.c,200 :: 		
0x0142	0x086C      	MOVF       Lcd_Out_i_L0, 0
0x0143	0x076B      	ADDWF      FARG_Lcd_Out_text, 0
0x0144	0x0084      	MOVWF      FSR
0x0145	0x0800      	MOVF       INDF, 0
0x0146	0x00ED      	MOVWF      FARG_Lcd_Chr_CP_out_char
0x0147	0x2090      	CALL       _Lcd_Chr_CP
0x0148	0x0AEC      	INCF       Lcd_Out_i_L0, 1
0x0149	0x293C      	GOTO       L_Lcd_Out18
L_Lcd_Out19:
;__Lib_Lcd.c,201 :: 		
0x014A	0x1466      	BSF        __Lib_Lcd_cmd_status, BitPos(__Lib_Lcd_cmd_status+0)
;__Lib_Lcd.c,202 :: 		
L_end_Lcd_Out:
0x014B	0x0008      	RETURN
; end of _Lcd_Out
_Div_16x16_S:
;__Lib_Math.c,480 :: 		
;__Lib_Math.c,488 :: 		
0x014C	0x1283      	BCF        STATUS, 5
0x014D	0x1303      	BCF        STATUS, 6
0x014E	0x0874      	MOVF       R4, 0
0x014F	0x3A00      	XORLW      0
0x0150	0x1D03      	BTFSS      STATUS, 2
0x0151	0x295B      	GOTO       L_Div_16x16_S0
;__Lib_Math.c,489 :: 		
0x0152	0x0875      	MOVF       R5, 0
0x0153	0x3A00      	XORLW      0
0x0154	0x1D03      	BTFSS      STATUS, 2
0x0155	0x295B      	GOTO       L_Div_16x16_S1
;__Lib_Math.c,490 :: 		
0x0156	0x30FF      	MOVLW      255
0x0157	0x00F0      	MOVWF      R0
;__Lib_Math.c,491 :: 		
0x0158	0x307F      	MOVLW      127
0x0159	0x00F1      	MOVWF      R1
;__Lib_Math.c,492 :: 		
0x015A	0x29B4      	GOTO       L_end_Div_16x16_S
;__Lib_Math.c,493 :: 		
L_Div_16x16_S1:
L_Div_16x16_S0:
;__Lib_Math.c,496 :: 		
0x015B	0x1283      	BCF        STATUS, 5
;__Lib_Math.c,497 :: 		
0x015C	0x1303      	BCF        STATUS, 6
;__Lib_Math.c,498 :: 		
0x015D	0x01FD      	CLRF       R13
;__Lib_Math.c,499 :: 		
0x015E	0x01F9      	CLRF       R9
;__Lib_Math.c,500 :: 		
0x015F	0x01F8      	CLRF       R8
;__Lib_Math.c,501 :: 		
0x0160	0x0871      	MOVF       R1, 0
;__Lib_Math.c,502 :: 		
0x0161	0x0470      	IORWF      R0, 0
;__Lib_Math.c,503 :: 		
0x0162	0x1903      	BTFSC      STATUS, 2
;__Lib_Math.c,504 :: 		
0x0163	0x3400      	RETLW      0
;__Lib_Math.c,506 :: 		
0x0164	0x0871      	MOVF       R1, 0
;__Lib_Math.c,507 :: 		
0x0165	0x0675      	XORWF      R5, 0
;__Lib_Math.c,508 :: 		
0x0166	0x00FA      	MOVWF      R10
;__Lib_Math.c,509 :: 		
0x0167	0x1BFA      	BTFSC      R10, 7
;__Lib_Math.c,510 :: 		
0x0168	0x09FD      	COMF       R13, 1
;__Lib_Math.c,512 :: 		
0x0169	0x01FB      	CLRF       R11
;__Lib_Math.c,514 :: 		
0x016A	0x1FF5      	BTFSS      R5, 7
;__Lib_Math.c,515 :: 		
0x016B	0x2971      	GOTO       $+6
;__Lib_Math.c,517 :: 		
0x016C	0x09F4      	COMF       R4, 1
;__Lib_Math.c,518 :: 		
0x016D	0x09F5      	COMF       R5, 1
;__Lib_Math.c,519 :: 		
0x016E	0x0AF4      	INCF       R4, 1
;__Lib_Math.c,520 :: 		
0x016F	0x1903      	BTFSC      STATUS, 2
;__Lib_Math.c,521 :: 		
0x0170	0x0AF5      	INCF       R5, 1
;__Lib_Math.c,523 :: 		
0x0171	0x1FF1      	BTFSS      R1, 7
;__Lib_Math.c,524 :: 		
0x0172	0x2978      	GOTO       $+6
;__Lib_Math.c,526 :: 		
0x0173	0x09F0      	COMF       R0, 1
;__Lib_Math.c,527 :: 		
0x0174	0x09F1      	COMF       R1, 1
;__Lib_Math.c,528 :: 		
0x0175	0x0AF0      	INCF       R0, 1
;__Lib_Math.c,529 :: 		
0x0176	0x1903      	BTFSC      STATUS, 2
;__Lib_Math.c,530 :: 		
0x0177	0x0AF1      	INCF       R1, 1
;__Lib_Math.c,532 :: 		
0x0178	0x0871      	MOVF       R1, 0
;__Lib_Math.c,533 :: 		
0x0179	0x0475      	IORWF      R5, 0
;__Lib_Math.c,534 :: 		
0x017A	0x00FA      	MOVWF      R10
;__Lib_Math.c,535 :: 		
0x017B	0x1BFA      	BTFSC      R10, 7
;__Lib_Math.c,536 :: 		
0x017C	0x298D      	GOTO       $+17
;__Lib_Math.c,538 :: 		
0x017D	0x2064      	CALL       _Div_16x16_S_L
;__Lib_Math.c,540 :: 		
0x017E	0x187B      	BTFSC      R11, 0
;__Lib_Math.c,541 :: 		
0x017F	0x29A0      	GOTO       $+33
;__Lib_Math.c,543 :: 		
0x0180	0x1FFD      	BTFSS      R13, 7
;__Lib_Math.c,544 :: 		
0x0181	0x3400      	RETLW      0
;__Lib_Math.c,546 :: 		
0x0182	0x09F0      	COMF       R0, 1
;__Lib_Math.c,547 :: 		
0x0183	0x09F1      	COMF       R1, 1
;__Lib_Math.c,548 :: 		
0x0184	0x0AF0      	INCF       R0, 1
;__Lib_Math.c,549 :: 		
0x0185	0x1903      	BTFSC      STATUS, 2
;__Lib_Math.c,550 :: 		
0x0186	0x0AF1      	INCF       R1, 1
;__Lib_Math.c,552 :: 		
0x0187	0x09F8      	COMF       R8, 1
;__Lib_Math.c,553 :: 		
0x0188	0x09F9      	COMF       R9, 1
;__Lib_Math.c,554 :: 		
0x0189	0x0AF8      	INCF       R8, 1
;__Lib_Math.c,555 :: 		
0x018A	0x1903      	BTFSC      STATUS, 2
;__Lib_Math.c,556 :: 		
0x018B	0x0AF9      	INCF       R9, 1
;__Lib_Math.c,558 :: 		
0x018C	0x3400      	RETLW      0
;__Lib_Math.c,560 :: 		
0x018D	0x1FF5      	BTFSS      R5, 7
;__Lib_Math.c,561 :: 		
0x018E	0x299C      	GOTO       $+14
;__Lib_Math.c,562 :: 		
0x018F	0x1BF1      	BTFSC      R1, 7
;__Lib_Math.c,563 :: 		
0x0190	0x2998      	GOTO       $+8
;__Lib_Math.c,564 :: 		
0x0191	0x0871      	MOVF       R1, 0
;__Lib_Math.c,565 :: 		
0x0192	0x00F9      	MOVWF      R9
;__Lib_Math.c,566 :: 		
0x0193	0x0870      	MOVF       R0, 0
;__Lib_Math.c,567 :: 		
0x0194	0x00F8      	MOVWF      R8
;__Lib_Math.c,568 :: 		
0x0195	0x01F1      	CLRF       R1
;__Lib_Math.c,569 :: 		
0x0196	0x01F0      	CLRF       R0
;__Lib_Math.c,570 :: 		
0x0197	0x2980      	GOTO       $-23
;__Lib_Math.c,571 :: 		
0x0198	0x01F1      	CLRF       R1
;__Lib_Math.c,572 :: 		
0x0199	0x01F0      	CLRF       R0
;__Lib_Math.c,573 :: 		
0x019A	0x0AF0      	INCF       R0, 1
;__Lib_Math.c,574 :: 		
0x019B	0x3400      	RETLW      0
;__Lib_Math.c,576 :: 		
0x019C	0x09F1      	COMF       R1, 1
;__Lib_Math.c,577 :: 		
0x019D	0x09F0      	COMF       R0, 1
;__Lib_Math.c,578 :: 		
0x019E	0x0AFB      	INCF       R11, 1
;__Lib_Math.c,579 :: 		
0x019F	0x297D      	GOTO       $-34
;__Lib_Math.c,581 :: 		
0x01A0	0x0AF8      	INCF       R8, 1
;__Lib_Math.c,582 :: 		
0x01A1	0x1903      	BTFSC      STATUS, 2
;__Lib_Math.c,583 :: 		
0x01A2	0x0AF9      	INCF       R9, 1
;__Lib_Math.c,584 :: 		
0x01A3	0x0874      	MOVF       R4, 0
;__Lib_Math.c,585 :: 		
0x01A4	0x0278      	SUBWF      R8, 0
;__Lib_Math.c,586 :: 		
0x01A5	0x1D03      	BTFSS      STATUS, 2
;__Lib_Math.c,587 :: 		
0x01A6	0x2980      	GOTO       $-38
;__Lib_Math.c,588 :: 		
0x01A7	0x0875      	MOVF       R5, 0
;__Lib_Math.c,589 :: 		
0x01A8	0x0279      	SUBWF      R9, 0
;__Lib_Math.c,590 :: 		
0x01A9	0x1D03      	BTFSS      STATUS, 2
;__Lib_Math.c,591 :: 		
0x01AA	0x2980      	GOTO       $-42
;__Lib_Math.c,592 :: 		
0x01AB	0x01F9      	CLRF       R9
;__Lib_Math.c,593 :: 		
0x01AC	0x01F8      	CLRF       R8
;__Lib_Math.c,594 :: 		
0x01AD	0x0AF0      	INCF       R0, 1
;__Lib_Math.c,595 :: 		
0x01AE	0x1903      	BTFSC      STATUS, 2
;__Lib_Math.c,596 :: 		
0x01AF	0x0AF1      	INCF       R1, 1
;__Lib_Math.c,597 :: 		
0x01B0	0x1FF1      	BTFSS      R1, 7
;__Lib_Math.c,598 :: 		
0x01B1	0x2980      	GOTO       $-49
;__Lib_Math.c,599 :: 		
0x01B2	0x0000      	NOP
;__Lib_Math.c,600 :: 		
0x01B3	0x34FF      	RETLW      255
;__Lib_Math.c,602 :: 		
L_end_Div_16x16_S:
0x01B4	0x0008      	RETURN
; end of _Div_16x16_S
_Lcd_Init:
;__Lib_Lcd.c,84 :: 		
;__Lib_Lcd.c,86 :: 		
0x01B5	0x1683      	BSF        STATUS, 5
0x01B6	0x1303      	BCF        STATUS, 6
0x01B7	0x1086      	BCF        LCD_EN_Direction, BitPos(LCD_EN_Direction+0)
;__Lib_Lcd.c,87 :: 		
0x01B8	0x1006      	BCF        LCD_RS_Direction, BitPos(LCD_RS_Direction+0)
;__Lib_Lcd.c,88 :: 		
0x01B9	0x1106      	BCF        LCD_D4_Direction, BitPos(LCD_D4_Direction+0)
;__Lib_Lcd.c,89 :: 		
0x01BA	0x1186      	BCF        LCD_D5_Direction, BitPos(LCD_D5_Direction+0)
;__Lib_Lcd.c,90 :: 		
0x01BB	0x1206      	BCF        LCD_D6_Direction, BitPos(LCD_D6_Direction+0)
;__Lib_Lcd.c,91 :: 		
0x01BC	0x1286      	BCF        LCD_D7_Direction, BitPos(LCD_D7_Direction+0)
;__Lib_Lcd.c,93 :: 		
0x01BD	0x1283      	BCF        STATUS, 5
0x01BE	0x1086      	BCF        LCD_EN, BitPos(LCD_EN+0)
;__Lib_Lcd.c,94 :: 		
0x01BF	0x1006      	BCF        LCD_RS, BitPos(LCD_RS+0)
;__Lib_Lcd.c,95 :: 		
0x01C0	0x1286      	BCF        LCD_D7, BitPos(LCD_D7+0)
;__Lib_Lcd.c,96 :: 		
0x01C1	0x1206      	BCF        LCD_D6, BitPos(LCD_D6+0)
;__Lib_Lcd.c,97 :: 		
0x01C2	0x1186      	BCF        LCD_D5, BitPos(LCD_D5+0)
;__Lib_Lcd.c,98 :: 		
0x01C3	0x1106      	BCF        LCD_D4, BitPos(LCD_D4+0)
;__Lib_Lcd.c,100 :: 		
0x01C4	0x2010      	CALL       _Delay_5500us
;__Lib_Lcd.c,101 :: 		
0x01C5	0x2010      	CALL       _Delay_5500us
;__Lib_Lcd.c,102 :: 		
0x01C6	0x2010      	CALL       _Delay_5500us
;__Lib_Lcd.c,105 :: 		
0x01C7	0x1586      	BSF        LCD_D5, BitPos(LCD_D5+0)
;__Lib_Lcd.c,106 :: 		
0x01C8	0x1506      	BSF        LCD_D4, BitPos(LCD_D4+0)
;__Lib_Lcd.c,107 :: 		
0x01C9	0x1486      	BSF        LCD_EN, BitPos(LCD_EN+0)
;__Lib_Lcd.c,108 :: 		
0x01CA	0x2003      	CALL       _Delay_1us
;__Lib_Lcd.c,109 :: 		
0x01CB	0x1086      	BCF        LCD_EN, BitPos(LCD_EN+0)
;__Lib_Lcd.c,110 :: 		
0x01CC	0x2010      	CALL       _Delay_5500us
;__Lib_Lcd.c,112 :: 		
0x01CD	0x1486      	BSF        LCD_EN, BitPos(LCD_EN+0)
;__Lib_Lcd.c,113 :: 		
0x01CE	0x2003      	CALL       _Delay_1us
;__Lib_Lcd.c,114 :: 		
0x01CF	0x1086      	BCF        LCD_EN, BitPos(LCD_EN+0)
;__Lib_Lcd.c,115 :: 		
0x01D0	0x2010      	CALL       _Delay_5500us
;__Lib_Lcd.c,117 :: 		
0x01D1	0x1486      	BSF        LCD_EN, BitPos(LCD_EN+0)
;__Lib_Lcd.c,118 :: 		
0x01D2	0x2003      	CALL       _Delay_1us
;__Lib_Lcd.c,119 :: 		
0x01D3	0x1086      	BCF        LCD_EN, BitPos(LCD_EN+0)
;__Lib_Lcd.c,120 :: 		
0x01D4	0x2010      	CALL       _Delay_5500us
;__Lib_Lcd.c,123 :: 		
0x01D5	0x1106      	BCF        LCD_D4, BitPos(LCD_D4+0)
;__Lib_Lcd.c,124 :: 		
0x01D6	0x1486      	BSF        LCD_EN, BitPos(LCD_EN+0)
;__Lib_Lcd.c,125 :: 		
0x01D7	0x2003      	CALL       _Delay_1us
;__Lib_Lcd.c,126 :: 		
0x01D8	0x1086      	BCF        LCD_EN, BitPos(LCD_EN+0)
;__Lib_Lcd.c,127 :: 		
0x01D9	0x2010      	CALL       _Delay_5500us
;__Lib_Lcd.c,130 :: 		
0x01DA	0x1486      	BSF        LCD_EN, BitPos(LCD_EN+0)
;__Lib_Lcd.c,131 :: 		
0x01DB	0x2003      	CALL       _Delay_1us
;__Lib_Lcd.c,132 :: 		
0x01DC	0x1086      	BCF        LCD_EN, BitPos(LCD_EN+0)
;__Lib_Lcd.c,134 :: 		
0x01DD	0x1186      	BCF        LCD_D5, BitPos(LCD_D5+0)
;__Lib_Lcd.c,135 :: 		
0x01DE	0x1686      	BSF        LCD_D7, BitPos(LCD_D7+0)
;__Lib_Lcd.c,136 :: 		
0x01DF	0x1486      	BSF        LCD_EN, BitPos(LCD_EN+0)
;__Lib_Lcd.c,137 :: 		
0x01E0	0x2003      	CALL       _Delay_1us
;__Lib_Lcd.c,138 :: 		
0x01E1	0x1086      	BCF        LCD_EN, BitPos(LCD_EN+0)
;__Lib_Lcd.c,139 :: 		
0x01E2	0x2010      	CALL       _Delay_5500us
;__Lib_Lcd.c,142 :: 		
0x01E3	0x1286      	BCF        LCD_D7, BitPos(LCD_D7+0)
;__Lib_Lcd.c,143 :: 		
0x01E4	0x1506      	BSF        LCD_D4, BitPos(LCD_D4+0)
;__Lib_Lcd.c,144 :: 		
0x01E5	0x1486      	BSF        LCD_EN, BitPos(LCD_EN+0)
;__Lib_Lcd.c,145 :: 		
0x01E6	0x2003      	CALL       _Delay_1us
;__Lib_Lcd.c,146 :: 		
0x01E7	0x1086      	BCF        LCD_EN, BitPos(LCD_EN+0)
;__Lib_Lcd.c,148 :: 		
0x01E8	0x1106      	BCF        LCD_D4, BitPos(LCD_D4+0)
;__Lib_Lcd.c,149 :: 		
0x01E9	0x1486      	BSF        LCD_EN, BitPos(LCD_EN+0)
;__Lib_Lcd.c,150 :: 		
0x01EA	0x2003      	CALL       _Delay_1us
;__Lib_Lcd.c,151 :: 		
0x01EB	0x1086      	BCF        LCD_EN, BitPos(LCD_EN+0)
;__Lib_Lcd.c,152 :: 		
0x01EC	0x2010      	CALL       _Delay_5500us
;__Lib_Lcd.c,155 :: 		
0x01ED	0x1486      	BSF        LCD_EN, BitPos(LCD_EN+0)
;__Lib_Lcd.c,156 :: 		
0x01EE	0x2003      	CALL       _Delay_1us
;__Lib_Lcd.c,157 :: 		
0x01EF	0x1086      	BCF        LCD_EN, BitPos(LCD_EN+0)
;__Lib_Lcd.c,159 :: 		
0x01F0	0x1506      	BSF        LCD_D4, BitPos(LCD_D4+0)
;__Lib_Lcd.c,160 :: 		
0x01F1	0x1486      	BSF        LCD_EN, BitPos(LCD_EN+0)
;__Lib_Lcd.c,161 :: 		
0x01F2	0x2003      	CALL       _Delay_1us
;__Lib_Lcd.c,162 :: 		
0x01F3	0x1086      	BCF        LCD_EN, BitPos(LCD_EN+0)
;__Lib_Lcd.c,163 :: 		
0x01F4	0x2010      	CALL       _Delay_5500us
;__Lib_Lcd.c,166 :: 		
0x01F5	0x1106      	BCF        LCD_D4, BitPos(LCD_D4+0)
;__Lib_Lcd.c,167 :: 		
0x01F6	0x1486      	BSF        LCD_EN, BitPos(LCD_EN+0)
;__Lib_Lcd.c,168 :: 		
0x01F7	0x2003      	CALL       _Delay_1us
;__Lib_Lcd.c,169 :: 		
0x01F8	0x1086      	BCF        LCD_EN, BitPos(LCD_EN+0)
;__Lib_Lcd.c,171 :: 		
0x01F9	0x1686      	BSF        LCD_D7, BitPos(LCD_D7+0)
;__Lib_Lcd.c,172 :: 		
0x01FA	0x1606      	BSF        LCD_D6, BitPos(LCD_D6+0)
;__Lib_Lcd.c,173 :: 		
0x01FB	0x1586      	BSF        LCD_D5, BitPos(LCD_D5+0)
;__Lib_Lcd.c,174 :: 		
0x01FC	0x1506      	BSF        LCD_D4, BitPos(LCD_D4+0)
;__Lib_Lcd.c,175 :: 		
0x01FD	0x1486      	BSF        LCD_EN, BitPos(LCD_EN+0)
;__Lib_Lcd.c,176 :: 		
0x01FE	0x2003      	CALL       _Delay_1us
;__Lib_Lcd.c,177 :: 		
0x01FF	0x1086      	BCF        LCD_EN, BitPos(LCD_EN+0)
;__Lib_Lcd.c,179 :: 		
0x0200	0x2010      	CALL       _Delay_5500us
;__Lib_Lcd.c,181 :: 		
0x0201	0x1466      	BSF        __Lib_Lcd_cmd_status, BitPos(__Lib_Lcd_cmd_status+0)
;__Lib_Lcd.c,182 :: 		
L_end_Lcd_Init:
0x0202	0x0008      	RETURN
; end of _Lcd_Init
___CC2DW:
;__Lib_System.c,134 :: 		
;__Lib_System.c,137 :: 		
_CC2D_Loop1:
;__Lib_System.c,139 :: 		
0x0203	0x205D      	CALL       _____DoICP
0x0204	0x118A      	BCF        PCLATH, 3
0x0205	0x120A      	BCF        PCLATH, 4
;__Lib_System.c,141 :: 		
0x0206	0x0080      	MOVWF      INDF
;__Lib_System.c,142 :: 		
0x0207	0x0A84      	INCF       FSR, 1
;__Lib_System.c,143 :: 		
0x0208	0x0AE4      	INCF       ___DoICPAddr, 1
;__Lib_System.c,145 :: 		
0x0209	0x1903      	BTFSC      STATUS, 2
;__Lib_System.c,146 :: 		
0x020A	0x0AE5      	INCF       ___DoICPAddr+1, 1
;__Lib_System.c,147 :: 		
0x020B	0x03F0      	DECF       R0, 1
;__Lib_System.c,149 :: 		
0x020C	0x1D03      	BTFSS      STATUS, 2
;__Lib_System.c,150 :: 		
0x020D	0x2A03      	GOTO       _CC2D_Loop1
;__Lib_System.c,152 :: 		
L_end___CC2DW:
0x020E	0x0008      	RETURN
; end of ___CC2DW
_main:
0x020F	0x23C8      	CALL       968
;Clock.c,48 :: 		void main() {
;Clock.c,49 :: 		TRISC = 0x03 ;
0x0210	0x3003      	MOVLW      3
0x0211	0x1683      	BSF        STATUS, 5
0x0212	0x1303      	BCF        STATUS, 6
0x0213	0x0087      	MOVWF      TRISC
;Clock.c,50 :: 		PORTC = 0X00;
0x0214	0x1283      	BCF        STATUS, 5
0x0215	0x0187      	CLRF       PORTC
;Clock.c,51 :: 		Lcd_Init();                                                   // Initialize Lcd module
0x0216	0x21B5      	CALL       _Lcd_Init
;Clock.c,52 :: 		Lcd_Cmd(_LCD_CLEAR);                          // Clear Lcd display
0x0217	0x3001      	MOVLW      1
0x0218	0x00EE      	MOVWF      FARG_Lcd_Cmd_out_char
0x0219	0x201D      	CALL       _Lcd_Cmd
;Clock.c,53 :: 		Lcd_Cmd(_LCD_CURSOR_OFF);                     // Lcd cursor off
0x021A	0x300C      	MOVLW      12
0x021B	0x00EE      	MOVWF      FARG_Lcd_Cmd_out_char
0x021C	0x201D      	CALL       _Lcd_Cmd
;Clock.c,54 :: 		Lcd_Out(1,3,"Developed By");
0x021D	0x3001      	MOVLW      1
0x021E	0x00E9      	MOVWF      FARG_Lcd_Out_row
0x021F	0x3003      	MOVLW      3
0x0220	0x00EA      	MOVWF      FARG_Lcd_Out_column
0x0221	0x3020      	MOVLW      ?lstr2_Clock
0x0222	0x00EB      	MOVWF      FARG_Lcd_Out_text
0x0223	0x210C      	CALL       _Lcd_Out
;Clock.c,55 :: 		Lcd_Out(2,1,"MINA TECHNOLOGY");
0x0224	0x3002      	MOVLW      2
0x0225	0x00E9      	MOVWF      FARG_Lcd_Out_row
0x0226	0x3001      	MOVLW      1
0x0227	0x00EA      	MOVWF      FARG_Lcd_Out_column
0x0228	0x302D      	MOVLW      ?lstr3_Clock
0x0229	0x00EB      	MOVWF      FARG_Lcd_Out_text
0x022A	0x210C      	CALL       _Lcd_Out
;Clock.c,56 :: 		delay_ms(2000);                                              // 2second delay
0x022B	0x3033      	MOVLW      51
0x022C	0x00FB      	MOVWF      R11
0x022D	0x30BB      	MOVLW      187
0x022E	0x00FC      	MOVWF      R12
0x022F	0x30DF      	MOVLW      223
0x0230	0x00FD      	MOVWF      R13
L_main12:
0x0231	0x0BFD      	DECFSZ     R13, 1
0x0232	0x2A31      	GOTO       L_main12
0x0233	0x0BFC      	DECFSZ     R12, 1
0x0234	0x2A31      	GOTO       L_main12
0x0235	0x0BFB      	DECFSZ     R11, 1
0x0236	0x2A31      	GOTO       L_main12
0x0237	0x0000      	NOP
0x0238	0x0000      	NOP
;Clock.c,57 :: 		Lcd_Cmd(_LCD_CLEAR);                                 // Clear Lcd display
0x0239	0x3001      	MOVLW      1
0x023A	0x00EE      	MOVWF      FARG_Lcd_Cmd_out_char
0x023B	0x201D      	CALL       _Lcd_Cmd
;Clock.c,58 :: 		Lcd_Out(1,3,"Digital Clock");
0x023C	0x3001      	MOVLW      1
0x023D	0x00E9      	MOVWF      FARG_Lcd_Out_row
0x023E	0x3003      	MOVLW      3
0x023F	0x00EA      	MOVWF      FARG_Lcd_Out_column
0x0240	0x304A      	MOVLW      ?lstr4_Clock
0x0241	0x00EB      	MOVWF      FARG_Lcd_Out_text
0x0242	0x210C      	CALL       _Lcd_Out
;Clock.c,59 :: 		hour = 1;
0x0243	0x3001      	MOVLW      1
0x0244	0x00C8      	MOVWF      _hour
0x0245	0x3000      	MOVLW      0
0x0246	0x00C9      	MOVWF      _hour+1
;Clock.c,61 :: 		while(1){
L_main13:
;Clock.c,62 :: 		set = 0;
0x0247	0x01E7      	CLRF       _set
;Clock.c,63 :: 		if(PORTC.F0==1){
0x0248	0x1C07      	BTFSS      PORTC, 0
0x0249	0x2A60      	GOTO       L_main15
;Clock.c,64 :: 		delay_ms(100);
0x024A	0x3003      	MOVLW      3
0x024B	0x00FB      	MOVWF      R11
0x024C	0x308A      	MOVLW      138
0x024D	0x00FC      	MOVWF      R12
0x024E	0x3055      	MOVLW      85
0x024F	0x00FD      	MOVWF      R13
L_main16:
0x0250	0x0BFD      	DECFSZ     R13, 1
0x0251	0x2A50      	GOTO       L_main16
0x0252	0x0BFC      	DECFSZ     R12, 1
0x0253	0x2A50      	GOTO       L_main16
0x0254	0x0BFB      	DECFSZ     R11, 1
0x0255	0x2A50      	GOTO       L_main16
0x0256	0x0000      	NOP
0x0257	0x0000      	NOP
;Clock.c,65 :: 		if(PORTC.F0==1){
0x0258	0x1C07      	BTFSS      PORTC, 0
0x0259	0x2A60      	GOTO       L_main17
;Clock.c,66 :: 		set_state++;
0x025A	0x0ADA      	INCF       _set_state, 1
;Clock.c,67 :: 		if(set_state>=4) set_state = 0;
0x025B	0x3004      	MOVLW      4
0x025C	0x025A      	SUBWF      _set_state, 0
0x025D	0x1C03      	BTFSS      STATUS, 0
0x025E	0x2A60      	GOTO       L_main18
0x025F	0x01DA      	CLRF       _set_state
L_main18:
;Clock.c,68 :: 		}
L_main17:
;Clock.c,69 :: 		}
L_main15:
;Clock.c,70 :: 		if(set_state){
0x0260	0x085A      	MOVF       _set_state, 0
0x0261	0x1903      	BTFSC      STATUS, 2
0x0262	0x2A87      	GOTO       L_main19
;Clock.c,71 :: 		if(PORTC.F1==1){
0x0263	0x1C87      	BTFSS      PORTC, 1
0x0264	0x2A67      	GOTO       L_main20
;Clock.c,72 :: 		set = 1;
0x0265	0x3001      	MOVLW      1
0x0266	0x00E7      	MOVWF      _set
;Clock.c,73 :: 		}
L_main20:
;Clock.c,74 :: 		if(set_state && set){
0x0267	0x085A      	MOVF       _set_state, 0
0x0268	0x1903      	BTFSC      STATUS, 2
0x0269	0x2A87      	GOTO       L_main23
0x026A	0x0867      	MOVF       _set, 0
0x026B	0x1903      	BTFSC      STATUS, 2
0x026C	0x2A87      	GOTO       L_main23
L__main35:
;Clock.c,75 :: 		switch(set_state){
0x026D	0x2A7B      	GOTO       L_main24
;Clock.c,76 :: 		case 1:
L_main26:
;Clock.c,77 :: 		hour = hour + set;          // Increase hour value
0x026E	0x0867      	MOVF       _set, 0
0x026F	0x07C8      	ADDWF      _hour, 1
0x0270	0x1803      	BTFSC      STATUS, 0
0x0271	0x0AC9      	INCF       _hour+1, 1
;Clock.c,78 :: 		break;
0x0272	0x2A87      	GOTO       L_main25
;Clock.c,79 :: 		case 2:
L_main27:
;Clock.c,80 :: 		minute = minute + set;         // Increase minute value
0x0273	0x0867      	MOVF       _set, 0
0x0274	0x07D8      	ADDWF      _minute, 1
0x0275	0x1803      	BTFSC      STATUS, 0
0x0276	0x0AD9      	INCF       _minute+1, 1
;Clock.c,81 :: 		break;
0x0277	0x2A87      	GOTO       L_main25
;Clock.c,82 :: 		case 3:
L_main28:
;Clock.c,83 :: 		second = 0;                     // clear second value
0x0278	0x01C6      	CLRF       _second
0x0279	0x01C7      	CLRF       _second+1
;Clock.c,84 :: 		break;
0x027A	0x2A87      	GOTO       L_main25
;Clock.c,86 :: 		}
L_main24:
0x027B	0x085A      	MOVF       _set_state, 0
0x027C	0x3A01      	XORLW      1
0x027D	0x1903      	BTFSC      STATUS, 2
0x027E	0x2A6E      	GOTO       L_main26
0x027F	0x085A      	MOVF       _set_state, 0
0x0280	0x3A02      	XORLW      2
0x0281	0x1903      	BTFSC      STATUS, 2
0x0282	0x2A73      	GOTO       L_main27
0x0283	0x085A      	MOVF       _set_state, 0
0x0284	0x3A03      	XORLW      3
0x0285	0x1903      	BTFSC      STATUS, 2
0x0286	0x2A78      	GOTO       L_main28
L_main25:
;Clock.c,87 :: 		}
L_main23:
;Clock.c,88 :: 		}
L_main19:
;Clock.c,91 :: 		second++;
0x0287	0x0AC6      	INCF       _second, 1
0x0288	0x1903      	BTFSC      STATUS, 2
0x0289	0x0AC7      	INCF       _second+1, 1
;Clock.c,92 :: 		if(second>=60){
0x028A	0x3080      	MOVLW      128
0x028B	0x0647      	XORWF      _second+1, 0
0x028C	0x00F0      	MOVWF      R0
0x028D	0x3080      	MOVLW      128
0x028E	0x0270      	SUBWF      R0, 0
0x028F	0x1D03      	BTFSS      STATUS, 2
0x0290	0x2A93      	GOTO       L__main48
0x0291	0x303C      	MOVLW      60
0x0292	0x0246      	SUBWF      _second, 0
L__main48:
0x0293	0x1C03      	BTFSS      STATUS, 0
0x0294	0x2A9A      	GOTO       L_main29
;Clock.c,93 :: 		minute++;
0x0295	0x0AD8      	INCF       _minute, 1
0x0296	0x1903      	BTFSC      STATUS, 2
0x0297	0x0AD9      	INCF       _minute+1, 1
;Clock.c,94 :: 		second = 0;
0x0298	0x01C6      	CLRF       _second
0x0299	0x01C7      	CLRF       _second+1
;Clock.c,95 :: 		}
L_main29:
;Clock.c,96 :: 		if(minute>=60){
0x029A	0x3080      	MOVLW      128
0x029B	0x0659      	XORWF      _minute+1, 0
0x029C	0x00F0      	MOVWF      R0
0x029D	0x3080      	MOVLW      128
0x029E	0x0270      	SUBWF      R0, 0
0x029F	0x1D03      	BTFSS      STATUS, 2
0x02A0	0x2AA3      	GOTO       L__main49
0x02A1	0x303C      	MOVLW      60
0x02A2	0x0258      	SUBWF      _minute, 0
L__main49:
0x02A3	0x1C03      	BTFSS      STATUS, 0
0x02A4	0x2AAA      	GOTO       L_main30
;Clock.c,97 :: 		hour++;            // Increase the hour value
0x02A5	0x0AC8      	INCF       _hour, 1
0x02A6	0x1903      	BTFSC      STATUS, 2
0x02A7	0x0AC9      	INCF       _hour+1, 1
;Clock.c,98 :: 		minute = 0;        // Clear minute
0x02A8	0x01D8      	CLRF       _minute
0x02A9	0x01D9      	CLRF       _minute+1
;Clock.c,99 :: 		}
L_main30:
;Clock.c,100 :: 		if(hour>=13) {
0x02AA	0x3080      	MOVLW      128
0x02AB	0x0649      	XORWF      _hour+1, 0
0x02AC	0x00F0      	MOVWF      R0
0x02AD	0x3080      	MOVLW      128
0x02AE	0x0270      	SUBWF      R0, 0
0x02AF	0x1D03      	BTFSS      STATUS, 2
0x02B0	0x2AB3      	GOTO       L__main50
0x02B1	0x300D      	MOVLW      13
0x02B2	0x0248      	SUBWF      _hour, 0
L__main50:
0x02B3	0x1C03      	BTFSS      STATUS, 0
0x02B4	0x2ABB      	GOTO       L_main31
;Clock.c,101 :: 		hour = 1;        // Reset hour
0x02B5	0x3001      	MOVLW      1
0x02B6	0x00C8      	MOVWF      _hour
0x02B7	0x3000      	MOVLW      0
0x02B8	0x00C9      	MOVWF      _hour+1
;Clock.c,102 :: 		i = ~i;
0x02B9	0x09BE      	COMF       _i, 1
0x02BA	0x09BF      	COMF       _i+1, 1
;Clock.c,103 :: 		}
L_main31:
;Clock.c,104 :: 		time[0] =text(hour / 10);        // Left digit of hour
0x02BB	0x083D      	MOVF       _time, 0
0x02BC	0x00E8      	MOVWF      FLOC__main
0x02BD	0x300A      	MOVLW      10
0x02BE	0x00F4      	MOVWF      R4
0x02BF	0x3000      	MOVLW      0
0x02C0	0x00F5      	MOVWF      R4+1
0x02C1	0x0848      	MOVF       _hour, 0
0x02C2	0x00F0      	MOVWF      R0
0x02C3	0x0849      	MOVF       _hour+1, 0
0x02C4	0x00F1      	MOVWF      R0+1
0x02C5	0x214C      	CALL       _Div_16x16_S
0x02C6	0x0870      	MOVF       R0, 0
0x02C7	0x00E9      	MOVWF      FARG_text_a
0x02C8	0x0871      	MOVF       R0+1, 0
0x02C9	0x00EA      	MOVWF      FARG_text_a+1
0x02CA	0x2098      	CALL       _text
0x02CB	0x1283      	BCF        STATUS, 5
0x02CC	0x1303      	BCF        STATUS, 6
0x02CD	0x0868      	MOVF       FLOC__main, 0
0x02CE	0x0084      	MOVWF      FSR
0x02CF	0x0870      	MOVF       R0, 0
0x02D0	0x0080      	MOVWF      INDF
;Clock.c,105 :: 		time[1] =text(hour % 10);          // Right digit of hour
0x02D1	0x0A3D      	INCF       _time, 0
0x02D2	0x00E8      	MOVWF      FLOC__main
0x02D3	0x300A      	MOVLW      10
0x02D4	0x00F4      	MOVWF      R4
0x02D5	0x3000      	MOVLW      0
0x02D6	0x00F5      	MOVWF      R4+1
0x02D7	0x0848      	MOVF       _hour, 0
0x02D8	0x00F0      	MOVWF      R0
0x02D9	0x0849      	MOVF       _hour+1, 0
0x02DA	0x00F1      	MOVWF      R0+1
0x02DB	0x214C      	CALL       _Div_16x16_S
0x02DC	0x0878      	MOVF       R8, 0
0x02DD	0x00F0      	MOVWF      R0
0x02DE	0x0879      	MOVF       R8+1, 0
0x02DF	0x00F1      	MOVWF      R0+1
0x02E0	0x0870      	MOVF       R0, 0
0x02E1	0x00E9      	MOVWF      FARG_text_a
0x02E2	0x0871      	MOVF       R0+1, 0
0x02E3	0x00EA      	MOVWF      FARG_text_a+1
0x02E4	0x2098      	CALL       _text
0x02E5	0x1283      	BCF        STATUS, 5
0x02E6	0x1303      	BCF        STATUS, 6
0x02E7	0x0868      	MOVF       FLOC__main, 0
0x02E8	0x0084      	MOVWF      FSR
0x02E9	0x0870      	MOVF       R0, 0
0x02EA	0x0080      	MOVWF      INDF
;Clock.c,107 :: 		time[3] = text(minute / 10);        // Left digit of minute
0x02EB	0x3003      	MOVLW      3
0x02EC	0x073D      	ADDWF      _time, 0
0x02ED	0x00E8      	MOVWF      FLOC__main
0x02EE	0x300A      	MOVLW      10
0x02EF	0x00F4      	MOVWF      R4
0x02F0	0x3000      	MOVLW      0
0x02F1	0x00F5      	MOVWF      R4+1
0x02F2	0x0858      	MOVF       _minute, 0
0x02F3	0x00F0      	MOVWF      R0
0x02F4	0x0859      	MOVF       _minute+1, 0
0x02F5	0x00F1      	MOVWF      R0+1
0x02F6	0x214C      	CALL       _Div_16x16_S
0x02F7	0x0870      	MOVF       R0, 0
0x02F8	0x00E9      	MOVWF      FARG_text_a
0x02F9	0x0871      	MOVF       R0+1, 0
0x02FA	0x00EA      	MOVWF      FARG_text_a+1
0x02FB	0x2098      	CALL       _text
0x02FC	0x1283      	BCF        STATUS, 5
0x02FD	0x1303      	BCF        STATUS, 6
0x02FE	0x0868      	MOVF       FLOC__main, 0
0x02FF	0x0084      	MOVWF      FSR
0x0300	0x0870      	MOVF       R0, 0
0x0301	0x0080      	MOVWF      INDF
;Clock.c,109 :: 		time[4] = text(minute % 10 );       // Right digit of minute
0x0302	0x3004      	MOVLW      4
0x0303	0x073D      	ADDWF      _time, 0
0x0304	0x00E8      	MOVWF      FLOC__main
0x0305	0x300A      	MOVLW      10
0x0306	0x00F4      	MOVWF      R4
0x0307	0x3000      	MOVLW      0
0x0308	0x00F5      	MOVWF      R4+1
0x0309	0x0858      	MOVF       _minute, 0
0x030A	0x00F0      	MOVWF      R0
0x030B	0x0859      	MOVF       _minute+1, 0
0x030C	0x00F1      	MOVWF      R0+1
0x030D	0x214C      	CALL       _Div_16x16_S
0x030E	0x0878      	MOVF       R8, 0
0x030F	0x00F0      	MOVWF      R0
0x0310	0x0879      	MOVF       R8+1, 0
0x0311	0x00F1      	MOVWF      R0+1
0x0312	0x0870      	MOVF       R0, 0
0x0313	0x00E9      	MOVWF      FARG_text_a
0x0314	0x0871      	MOVF       R0+1, 0
0x0315	0x00EA      	MOVWF      FARG_text_a+1
0x0316	0x2098      	CALL       _text
0x0317	0x1283      	BCF        STATUS, 5
0x0318	0x1303      	BCF        STATUS, 6
0x0319	0x0868      	MOVF       FLOC__main, 0
0x031A	0x0084      	MOVWF      FSR
0x031B	0x0870      	MOVF       R0, 0
0x031C	0x0080      	MOVWF      INDF
;Clock.c,110 :: 		time[6] = text(second / 10);        // Left digit of second
0x031D	0x3006      	MOVLW      6
0x031E	0x073D      	ADDWF      _time, 0
0x031F	0x00E8      	MOVWF      FLOC__main
0x0320	0x300A      	MOVLW      10
0x0321	0x00F4      	MOVWF      R4
0x0322	0x3000      	MOVLW      0
0x0323	0x00F5      	MOVWF      R4+1
0x0324	0x0846      	MOVF       _second, 0
0x0325	0x00F0      	MOVWF      R0
0x0326	0x0847      	MOVF       _second+1, 0
0x0327	0x00F1      	MOVWF      R0+1
0x0328	0x214C      	CALL       _Div_16x16_S
0x0329	0x0870      	MOVF       R0, 0
0x032A	0x00E9      	MOVWF      FARG_text_a
0x032B	0x0871      	MOVF       R0+1, 0
0x032C	0x00EA      	MOVWF      FARG_text_a+1
0x032D	0x2098      	CALL       _text
0x032E	0x1283      	BCF        STATUS, 5
0x032F	0x1303      	BCF        STATUS, 6
0x0330	0x0868      	MOVF       FLOC__main, 0
0x0331	0x0084      	MOVWF      FSR
0x0332	0x0870      	MOVF       R0, 0
0x0333	0x0080      	MOVWF      INDF
;Clock.c,111 :: 		time[7] = text(second % 10);         // Right digit of second
0x0334	0x3007      	MOVLW      7
0x0335	0x073D      	ADDWF      _time, 0
0x0336	0x00E8      	MOVWF      FLOC__main
0x0337	0x300A      	MOVLW      10
0x0338	0x00F4      	MOVWF      R4
0x0339	0x3000      	MOVLW      0
0x033A	0x00F5      	MOVWF      R4+1
0x033B	0x0846      	MOVF       _second, 0
0x033C	0x00F0      	MOVWF      R0
0x033D	0x0847      	MOVF       _second+1, 0
0x033E	0x00F1      	MOVWF      R0+1
0x033F	0x214C      	CALL       _Div_16x16_S
0x0340	0x0878      	MOVF       R8, 0
0x0341	0x00F0      	MOVWF      R0
0x0342	0x0879      	MOVF       R8+1, 0
0x0343	0x00F1      	MOVWF      R0+1
0x0344	0x0870      	MOVF       R0, 0
0x0345	0x00E9      	MOVWF      FARG_text_a
0x0346	0x0871      	MOVF       R0+1, 0
0x0347	0x00EA      	MOVWF      FARG_text_a+1
0x0348	0x2098      	CALL       _text
0x0349	0x1283      	BCF        STATUS, 5
0x034A	0x1303      	BCF        STATUS, 6
0x034B	0x0868      	MOVF       FLOC__main, 0
0x034C	0x0084      	MOVWF      FSR
0x034D	0x0870      	MOVF       R0, 0
0x034E	0x0080      	MOVWF      INDF
;Clock.c,112 :: 		Lcd_Out(2,4,time);
0x034F	0x3002      	MOVLW      2
0x0350	0x00E9      	MOVWF      FARG_Lcd_Out_row
0x0351	0x3004      	MOVLW      4
0x0352	0x00EA      	MOVWF      FARG_Lcd_Out_column
0x0353	0x083D      	MOVF       _time, 0
0x0354	0x00EB      	MOVWF      FARG_Lcd_Out_text
0x0355	0x210C      	CALL       _Lcd_Out
;Clock.c,113 :: 		if(i==0)Lcd_Out(2,14,"AM");
0x0356	0x3000      	MOVLW      0
0x0357	0x063F      	XORWF      _i+1, 0
0x0358	0x1D03      	BTFSS      STATUS, 2
0x0359	0x2B5C      	GOTO       L__main51
0x035A	0x3000      	MOVLW      0
0x035B	0x063E      	XORWF      _i, 0
L__main51:
0x035C	0x1D03      	BTFSS      STATUS, 2
0x035D	0x2B65      	GOTO       L_main32
0x035E	0x3002      	MOVLW      2
0x035F	0x00E9      	MOVWF      FARG_Lcd_Out_row
0x0360	0x300E      	MOVLW      14
0x0361	0x00EA      	MOVWF      FARG_Lcd_Out_column
0x0362	0x3040      	MOVLW      ?lstr5_Clock
0x0363	0x00EB      	MOVWF      FARG_Lcd_Out_text
0x0364	0x210C      	CALL       _Lcd_Out
L_main32:
;Clock.c,114 :: 		if(i)Lcd_Out(2,14,"PM");                  // show time value
0x0365	0x083E      	MOVF       _i, 0
0x0366	0x043F      	IORWF      _i+1, 0
0x0367	0x1903      	BTFSC      STATUS, 2
0x0368	0x2B70      	GOTO       L_main33
0x0369	0x3002      	MOVLW      2
0x036A	0x00E9      	MOVWF      FARG_Lcd_Out_row
0x036B	0x300E      	MOVLW      14
0x036C	0x00EA      	MOVWF      FARG_Lcd_Out_column
0x036D	0x3043      	MOVLW      ?lstr6_Clock
0x036E	0x00EB      	MOVWF      FARG_Lcd_Out_text
0x036F	0x210C      	CALL       _Lcd_Out
L_main33:
;Clock.c,115 :: 		delay_ms(1000);          // 1s delay
0x0370	0x301A      	MOVLW      26
0x0371	0x00FB      	MOVWF      R11
0x0372	0x305E      	MOVLW      94
0x0373	0x00FC      	MOVWF      R12
0x0374	0x306E      	MOVLW      110
0x0375	0x00FD      	MOVWF      R13
L_main34:
0x0376	0x0BFD      	DECFSZ     R13, 1
0x0377	0x2B76      	GOTO       L_main34
0x0378	0x0BFC      	DECFSZ     R12, 1
0x0379	0x2B76      	GOTO       L_main34
0x037A	0x0BFB      	DECFSZ     R11, 1
0x037B	0x2B76      	GOTO       L_main34
0x037C	0x0000      	NOP
;Clock.c,116 :: 		}}
0x037D	0x2A47      	GOTO       L_main13
L_end_main:
0x037E	0x2B7E      	GOTO       $+0
; end of _main
0x03C8	0x3020      	MOVLW      32
0x03C9	0x0084      	MOVWF      FSR
0x03CA	0x3044      	MOVLW      68
0x03CB	0x1283      	BCF        STATUS, 5
0x03CC	0x1303      	BCF        STATUS, 6
0x03CD	0x00F0      	MOVWF      R0
0x03CE	0x3084      	MOVLW      132
0x03CF	0x00E4      	MOVWF      ___DoICPAddr
0x03D0	0x3003      	MOVLW      3
0x03D1	0x00E5      	MOVWF      101
0x03D2	0x2203      	CALL       515
0x03D3	0x0008      	RETURN
;Clock.c,0 :: ?ICS?lstr2_Clock
0x0384	0x3444 ;?ICS?lstr2_Clock+0
0x0385	0x3465 ;?ICS?lstr2_Clock+1
0x0386	0x3476 ;?ICS?lstr2_Clock+2
0x0387	0x3465 ;?ICS?lstr2_Clock+3
0x0388	0x346C ;?ICS?lstr2_Clock+4
0x0389	0x346F ;?ICS?lstr2_Clock+5
0x038A	0x3470 ;?ICS?lstr2_Clock+6
0x038B	0x3465 ;?ICS?lstr2_Clock+7
0x038C	0x3464 ;?ICS?lstr2_Clock+8
0x038D	0x3420 ;?ICS?lstr2_Clock+9
0x038E	0x3442 ;?ICS?lstr2_Clock+10
0x038F	0x3479 ;?ICS?lstr2_Clock+11
0x0390	0x3400 ;?ICS?lstr2_Clock+12
; end of ?ICS?lstr2_Clock
;Clock.c,0 :: ?ICS?lstr3_Clock
0x0391	0x344D ;?ICS?lstr3_Clock+0
0x0392	0x3449 ;?ICS?lstr3_Clock+1
0x0393	0x344E ;?ICS?lstr3_Clock+2
0x0394	0x3441 ;?ICS?lstr3_Clock+3
0x0395	0x3420 ;?ICS?lstr3_Clock+4
0x0396	0x3454 ;?ICS?lstr3_Clock+5
0x0397	0x3445 ;?ICS?lstr3_Clock+6
0x0398	0x3443 ;?ICS?lstr3_Clock+7
0x0399	0x3448 ;?ICS?lstr3_Clock+8
0x039A	0x344E ;?ICS?lstr3_Clock+9
0x039B	0x344F ;?ICS?lstr3_Clock+10
0x039C	0x344C ;?ICS?lstr3_Clock+11
0x039D	0x344F ;?ICS?lstr3_Clock+12
0x039E	0x3447 ;?ICS?lstr3_Clock+13
0x039F	0x3459 ;?ICS?lstr3_Clock+14
0x03A0	0x3400 ;?ICS?lstr3_Clock+15
; end of ?ICS?lstr3_Clock
;Clock.c,0 :: ?ICS_time
0x03A1	0x345B ;?ICS_time+0
; end of ?ICS_time
;Clock.c,0 :: ?ICS_i
0x03A2	0x3400 ;?ICS_i+0
0x03A3	0x3400 ;?ICS_i+1
; end of ?ICS_i
;Clock.c,0 :: ?ICS?lstr5_Clock
0x03A4	0x3441 ;?ICS?lstr5_Clock+0
0x03A5	0x344D ;?ICS?lstr5_Clock+1
0x03A6	0x3400 ;?ICS?lstr5_Clock+2
; end of ?ICS?lstr5_Clock
;Clock.c,0 :: ?ICS?lstr6_Clock
0x03A7	0x3450 ;?ICS?lstr6_Clock+0
0x03A8	0x344D ;?ICS?lstr6_Clock+1
0x03A9	0x3400 ;?ICS?lstr6_Clock+2
; end of ?ICS?lstr6_Clock
;Clock.c,0 :: ?ICS_second
0x03AA	0x3400 ;?ICS_second+0
0x03AB	0x3400 ;?ICS_second+1
; end of ?ICS_second
;Clock.c,0 :: ?ICS_hour
0x03AC	0x3400 ;?ICS_hour+0
0x03AD	0x3400 ;?ICS_hour+1
; end of ?ICS_hour
;Clock.c,0 :: ?ICS?lstr4_Clock
0x03AE	0x3444 ;?ICS?lstr4_Clock+0
0x03AF	0x3469 ;?ICS?lstr4_Clock+1
0x03B0	0x3467 ;?ICS?lstr4_Clock+2
0x03B1	0x3469 ;?ICS?lstr4_Clock+3
0x03B2	0x3474 ;?ICS?lstr4_Clock+4
0x03B3	0x3461 ;?ICS?lstr4_Clock+5
0x03B4	0x346C ;?ICS?lstr4_Clock+6
0x03B5	0x3420 ;?ICS?lstr4_Clock+7
0x03B6	0x3443 ;?ICS?lstr4_Clock+8
0x03B7	0x346C ;?ICS?lstr4_Clock+9
0x03B8	0x346F ;?ICS?lstr4_Clock+10
0x03B9	0x3463 ;?ICS?lstr4_Clock+11
0x03BA	0x346B ;?ICS?lstr4_Clock+12
0x03BB	0x3400 ;?ICS?lstr4_Clock+13
; end of ?ICS?lstr4_Clock
;Clock.c,0 :: ?ICS_minute
0x03BC	0x3400 ;?ICS_minute+0
0x03BD	0x3400 ;?ICS_minute+1
; end of ?ICS_minute
;Clock.c,0 :: ?ICS_set_state
0x03BE	0x3400 ;?ICS_set_state+0
; end of ?ICS_set_state
;Clock.c,0 :: ?ICS?lstr1_Clock
0x03BF	0x3430 ;?ICS?lstr1_Clock+0
0x03C0	0x3430 ;?ICS?lstr1_Clock+1
0x03C1	0x343A ;?ICS?lstr1_Clock+2
0x03C2	0x3430 ;?ICS?lstr1_Clock+3
0x03C3	0x3430 ;?ICS?lstr1_Clock+4
0x03C4	0x343A ;?ICS?lstr1_Clock+5
0x03C5	0x3430 ;?ICS?lstr1_Clock+6
0x03C6	0x3430 ;?ICS?lstr1_Clock+7
0x03C7	0x3400 ;?ICS?lstr1_Clock+8
; end of ?ICS?lstr1_Clock
Symbol List:
//** Routines locations **
//ADDRESS    SIZE    PROCEDURE
//----------------------------------------------
0x0003       [6]    _Delay_1us
0x0009       [7]    _Delay_50us
0x0010      [13]    _Delay_5500us
0x001D      [64]    _Lcd_Cmd
0x005D       [7]    _____DoICP
0x0064      [44]    _Div_16x16_S_L
0x0090       [8]    _Lcd_Chr_CP
0x0098     [116]    _text
0x010C      [64]    _Lcd_Out
0x014C     [105]    _Div_16x16_S
0x01B5      [78]    _Lcd_Init
0x0203      [12]    ___CC2DW
0x020F     [367]    _main
//** Variables locations ** 
//ADDRESS    SIZE    VARIABLE
//----------------------------------------------
0x0000       [1]    INDF
0x0002       [1]    PCL
0x0003       [1]    STATUS
0x0004       [1]    FSR
0x0006       [0]    LCD_D6
0x0006       [0]    LCD_D7
0x0006       [0]    LCD_EN
0x0006       [0]    LCD_D4
0x0006       [0]    LCD_D5
0x0006       [0]    RB2_bit
0x0006       [0]    RB1_bit
0x0006       [0]    RB0_bit
0x0006       [0]    RB5_bit
0x0006       [0]    RB4_bit
0x0006       [0]    RB3_bit
0x0006       [0]    LCD_RS
0x0007       [1]    PORTC
0x000A       [1]    PCLATH
0x0020      [13]    ?lstr2_Clock
0x002D      [16]    ?lstr3_Clock
0x003D       [1]    _time
0x003E       [2]    _i
0x0040       [3]    ?lstr5_Clock
0x0043       [3]    ?lstr6_Clock
0x0046       [2]    _second
0x0048       [2]    _hour
0x004A      [14]    ?lstr4_Clock
0x0058       [2]    _minute
0x005A       [1]    _set_state
0x005B       [9]    ?lstr1_Clock
0x0064       [2]    ___DoICPAddr
0x0066       [0]    __Lib_Lcd_cmd_status
0x0067       [1]    _set
0x0068       [1]    FLOC__main
0x0069       [2]    FARG_text_a
0x0069       [1]    FARG_Lcd_Out_row
0x006A       [1]    FARG_Lcd_Out_column
0x006B       [1]    FARG_Lcd_Out_text
0x006C       [1]    Lcd_Out_i_L0
0x006D       [1]    FARG_Lcd_Chr_CP_out_char
0x006E       [1]    FARG_Lcd_Cmd_out_char
0x0070       [1]    R0
0x0071       [1]    R1
0x0072       [1]    R2
0x0073       [1]    R3
0x0074       [1]    R4
0x0075       [1]    R5
0x0076       [1]    R6
0x0077       [1]    R7
0x0078       [1]    R8
0x0079       [1]    R9
0x007A       [1]    R10
0x007B       [1]    R11
0x007C       [1]    R12
0x007D       [1]    R13
0x007E       [1]    R14
0x007F       [1]    R15
0x0086       [0]    TRISB1_bit
0x0086       [0]    LCD_D5_Direction
0x0086       [0]    TRISB0_bit
0x0086       [0]    LCD_D6_Direction
0x0086       [0]    TRISB4_bit
0x0086       [0]    TRISB5_bit
0x0086       [0]    LCD_RS_Direction
0x0086       [0]    TRISB3_bit
0x0086       [0]    TRISB2_bit
0x0086       [0]    LCD_D4_Direction
0x0086       [0]    LCD_EN_Direction
0x0086       [0]    LCD_D7_Direction
0x0087       [1]    TRISC
//** Constants locations ** 
//ADDRESS    SIZE    CONSTANT
//----------------------------------------------
0x0384      [13]    ?ICS?lstr2_Clock
0x0391      [16]    ?ICS?lstr3_Clock
0x03A1       [1]    ?ICS_time
0x03A2       [2]    ?ICS_i
0x03A4       [3]    ?ICS?lstr5_Clock
0x03A7       [3]    ?ICS?lstr6_Clock
0x03AA       [2]    ?ICS_second
0x03AC       [2]    ?ICS_hour
0x03AE      [14]    ?ICS?lstr4_Clock
0x03BC       [2]    ?ICS_minute
0x03BE       [1]    ?ICS_set_state
0x03BF       [9]    ?ICS?lstr1_Clock
