;  LST file generated by mikroListExporter - v.2.0 
; Date/Time: 12/11/2022 11:11:03 PM
;----------------------------------------------

;Address Opcode 	ASM
0x0000	0xF000EF3D  	GOTO        122
0x0004	0x0000      	NOP
0x0006	0x0000      	NOP
0x0008	0xF000EF00  	GOTO        0
0x000C	0x0000      	NOP
0x000E	0x0000      	NOP
0x0010	0x0000      	NOP
0x0012	0x0000      	NOP
0x0014	0x0000      	NOP
0x0016	0x0000      	NOP
0x0018	0xD7F3      	BRA         0
_Delay_22us:
;__Lib_Delays.c,15 :: 		void Delay_22us() {
;__Lib_Delays.c,16 :: 		Delay_us(22);
0x001C	0x0E49      	MOVLW       73
0x001E	0x6E0D      	MOVWF       R13, 0
L_Delay_22us2:
0x0020	0x2E0D      	DECFSZ      R13, 1, 0
0x0022	0xD7FE      	BRA         L_Delay_22us2
;__Lib_Delays.c,17 :: 		}
L_end_Delay_22us:
0x0024	0x0012      	RETURN      0
; end of _Delay_22us
___CC2DW:
;__Lib_System.c,21 :: 		
;__Lib_System.c,23 :: 		
_CC2DL_Loop1:
;__Lib_System.c,24 :: 		
0x0026	0x0009      	TBLRD*+
;__Lib_System.c,25 :: 		
0x0028	0xFFE6CFF5  	MOVFF       TABLAT, POSTINC1
;__Lib_System.c,26 :: 		
0x002C	0x0600      	DECF        R0, 1, 0
;__Lib_System.c,27 :: 		
0x002E	0xE1FB      	BNZ         _CC2DL_Loop1
;__Lib_System.c,28 :: 		
0x0030	0x0601      	DECF        R1, 1, 0
;__Lib_System.c,29 :: 		
0x0032	0xE1F9      	BNZ         _CC2DL_Loop1
;__Lib_System.c,31 :: 		
L_end___CC2DW:
0x0034	0x0012      	RETURN      0
; end of ___CC2DW
_ADC_Read:
;__Lib_ADC_A_C.c,65 :: 		
;__Lib_ADC_A_C.c,68 :: 		
0x0036	0x6AC2      	CLRF        ADCON0 
;__Lib_ADC_A_C.c,69 :: 		
0x0038	0x0EC0      	MOVLW       192
0x003A	0x12C2      	IORWF       ADCON0, 1 
;__Lib_ADC_A_C.c,70 :: 		
0x003C	0x1C15      	COMF        _vref_mask, 0 
0x003E	0x6E00      	MOVWF       R0 
0x0040	0x5000      	MOVF        R0, 0 
0x0042	0x16C1      	ANDWF       ADCON1, 1 
;__Lib_ADC_A_C.c,71 :: 		
0x0044	0x8CC1      	BSF         ADCON1, 6 
;__Lib_ADC_A_C.c,73 :: 		
0x0046	0x8EC1      	BSF         ADCON1, 7 
;__Lib_ADC_A_C.c,74 :: 		
0x0048	0xF000C016  	MOVFF       FARG_ADC_Read_channel, R0
0x004C	0x3600      	RLCF        R0, 1 
0x004E	0x9000      	BCF         R0, 0 
0x0050	0x3600      	RLCF        R0, 1 
0x0052	0x9000      	BCF         R0, 0 
0x0054	0x3600      	RLCF        R0, 1 
0x0056	0x9000      	BCF         R0, 0 
0x0058	0x5000      	MOVF        R0, 0 
0x005A	0x12C2      	IORWF       ADCON0, 1 
;__Lib_ADC_A_C.c,75 :: 		
0x005C	0x80C2      	BSF         ADCON0, 0 
;__Lib_ADC_A_C.c,76 :: 		
0x005E	0xDFDE      	RCALL       _Delay_22us
;__Lib_ADC_A_C.c,77 :: 		
0x0060	0x84C2      	BSF         ADCON0, 2 
;__Lib_ADC_A_C.c,78 :: 		
L_ADC_Read2:
0x0062	0xA4C2      	BTFSS       ADCON0, 2 
0x0064	0xD001      	BRA         L_ADC_Read3
;__Lib_ADC_A_C.c,79 :: 		
0x0066	0xD7FD      	BRA         L_ADC_Read2
L_ADC_Read3:
;__Lib_ADC_A_C.c,81 :: 		
0x0068	0xF001CFC4  	MOVFF       ADRESH, R1
0x006C	0x6A00      	CLRF        R0 
;__Lib_ADC_A_C.c,82 :: 		
0x006E	0x50C3      	MOVF        ADRESL, 0 
0x0070	0x1200      	IORWF       R0, 1 
0x0072	0x0E00      	MOVLW       0
0x0074	0x1201      	IORWF       R1, 1 
;__Lib_ADC_A_C.c,83 :: 		
0x0076	0x90C2      	BCF         ADCON0, 0 
;__Lib_ADC_A_C.c,85 :: 		
;__Lib_ADC_A_C.c,86 :: 		
L_end_ADC_Read:
0x0078	0x0012      	RETURN      0
; end of _ADC_Read
_main:
0x007A	0xF000EC4C  	CALL        152, 0
;Task_1.c,1 :: 		void main() {
;Task_1.c,2 :: 		TRISD=0; // Initializing PortD as output
0x007E	0x6A95      	CLRF        TRISD 
;Task_1.c,4 :: 		TRISA.TRISA0=1; //  Initializing Pin 0 of Port A as input
0x0080	0x8092      	BSF         TRISA, 0 
;Task_1.c,6 :: 		ADCON0= 0x81; // Fosc/64, Channel 0, A/D is on
0x0082	0x0E81      	MOVLW       129
0x0084	0x6EC2      	MOVWF       ADCON0 
;Task_1.c,8 :: 		ADCON1= 0xCE; // Right justified, Fosc/64, AN0 =Analog
0x0086	0x0ECE      	MOVLW       206
0x0088	0x6EC1      	MOVWF       ADCON1 
;Task_1.c,11 :: 		while(1)    {
L_main0:
;Task_1.c,12 :: 		PORTD = adc_read(0);     // adc conversion and display in PortD
0x008A	0x6A16      	CLRF        FARG_ADC_Read_channel 
0x008C	0xDFD4      	RCALL       _ADC_Read
0x008E	0xFF83C000  	MOVFF       R0, PORTD
;Task_1.c,14 :: 		}
0x0092	0xD7FB      	BRA         L_main0
;Task_1.c,15 :: 		}
L_end_main:
0x0094	0xD7FF      	BRA         $+0
; end of _main
0x0098	0xF015EE10  	LFSR        1, 21
0x009C	0x0E01      	MOVLW       1
0x009E	0x6E00      	MOVWF       R0 
0x00A0	0x0E01      	MOVLW       1
0x00A2	0x6E01      	MOVWF       R1 
0x00A4	0x0E96      	MOVLW       150
0x00A6	0x6EF6      	MOVWF       4086 
0x00A8	0x0E00      	MOVLW       0
0x00AA	0x6EF7      	MOVWF       TBLPTRH 
0x00AC	0x0E00      	MOVLW       0
0x00AE	0x6EF8      	MOVWF       TBLPTRU 
0x00B0	0xF000EC13  	CALL        38, 0
0x00B4	0x0012      	RETURN      0
;__Lib_ADC_A_C.c,0 :: ?ICS_vref_mask
0x0096	0x0F ;?ICS_vref_mask+0
; end of ?ICS_vref_mask
Symbol List:
//** Routines locations **
//ADDRESS    SIZE    PROCEDURE
//----------------------------------------------
0x001C      [10]    _Delay_22us
0x0026      [16]    ___CC2DW
0x0036      [68]    _ADC_Read
0x007A      [28]    _main
//** Variables locations ** 
//ADDRESS    SIZE    VARIABLE
//----------------------------------------------
0x0000       [1]    R0
0x0001       [1]    R1
0x0002       [1]    R2
0x0003       [1]    R3
0x0004       [1]    R4
0x0005       [1]    R5
0x0006       [1]    R6
0x0007       [1]    R7
0x0008       [1]    R8
0x0009       [1]    R9
0x000A       [1]    R10
0x000B       [1]    R11
0x000C       [1]    R12
0x000D       [1]    R13
0x000E       [1]    R14
0x000F       [1]    R15
0x0010       [1]    R16
0x0011       [1]    R17
0x0012       [1]    R18
0x0013       [1]    R19
0x0014       [1]    R20
0x0015       [1]    _vref_mask
0x0016       [1]    FARG_ADC_Read_channel
0x0F83       [1]    PORTD
0x0F92       [1]    TRISA
0x0F95       [1]    TRISD
0x0FC1       [1]    ADCON1
0x0FC2       [1]    ADCON0
0x0FC3       [1]    ADRESL
0x0FC4       [1]    ADRESH
0x0FD8       [1]    STATUS
0x0FD9       [1]    FSR2L
0x0FDA       [1]    FSR2H
0x0FDE       [1]    POSTINC2
0x0FE0       [1]    BSR
0x0FE1       [1]    FSR1L
0x0FE2       [1]    FSR1H
0x0FE4       [1]    PREINC1
0x0FE6       [1]    POSTINC1
0x0FE7       [1]    INDF1
0x0FE8       [1]    WREG
0x0FE9       [1]    FSR0L
0x0FEA       [1]    FSR0H
0x0FEE       [1]    POSTINC0
0x0FF3       [1]    PRODL
0x0FF4       [1]    PRODH
0x0FF5       [1]    TABLAT
0x0FF6       [1]    TBLPTRL
0x0FF7       [1]    TBLPTRH
0x0FF8       [1]    TBLPTRU
//** Constants locations ** 
//ADDRESS    SIZE    CONSTANT
//----------------------------------------------
0x0096       [1]    ?ICS_vref_mask
